cd Src && /Applications/Xcode.app/Contents/Developer/usr/bin/make prefix='/usr/local' exec_prefix='/usr/local' bindir='/bin' libdir='/usr/local/lib' MODDIR='/usr/local/lib/zsh/5.7.1' infodir='/usr/local/share/info' mandir='/usr/local/share/man' datadir='/usr/local/share' fndir='/usr/local/share/zsh/5.7.1/functions' htmldir='/usr/local/share/zsh/htmldoc' runhelpdir='/usr/local/share/zsh/5.7.1/help' CC='/Users/ariel/private-bin/clang' CPPFLAGS='-isystem/Users/ariel/git/darling/Developer/Platforms/MacOSX.platform/Developer/SDKs/MacOSX.sdk/usr/include -isystem/Users/ariel/arch/build/darling/Developer/Platforms/MacOSX.platform/Developer/SDKs/MacOSX.sdk/usr/include -isystem/Users/ariel/git/darling/framework-include -DDARLING -DUSE_GETCWD' DEFS='-DHAVE_CONFIG_H' CFLAGS='-arch x86_64 -arch i386 -no-cpp-precomp' LDFLAGS='-Wl,-x' EXTRA_LDFLAGS='-rdynamic' DLCFLAGS='-fno-common' DLLDFLAGS='-bundle -flat_namespace -undefined suppress' LIBLDFLAGS='' EXELDFLAGS='' LIBS='-liconv -ldl -ltermcap -lm  -lc' DL_EXT='so' DLLD='/Users/ariel/private-bin/clang' AWK='awk' ANSI2KNR=': ansi2knr' YODL=': yodl ' YODL2TXT=': yodl2txt' YODL2HTML=': yodl2html' FUNCTIONS_INSTALL='' tzsh='zsh' install.bin
/Applications/Xcode.app/Contents/Developer/usr/bin/make -f Makemod prefix='/usr/local' exec_prefix='/usr/local' bindir='/bin' libdir='/usr/local/lib' MODDIR='/usr/local/lib/zsh/5.7.1' infodir='/usr/local/share/info' mandir='/usr/local/share/man' datadir='/usr/local/share' fndir='/usr/local/share/zsh/5.7.1/functions' htmldir='/usr/local/share/zsh/htmldoc' runhelpdir='/usr/local/share/zsh/5.7.1/help' CC='/Users/ariel/private-bin/clang' CPPFLAGS='-isystem/Users/ariel/git/darling/Developer/Platforms/MacOSX.platform/Developer/SDKs/MacOSX.sdk/usr/include -isystem/Users/ariel/arch/build/darling/Developer/Platforms/MacOSX.platform/Developer/SDKs/MacOSX.sdk/usr/include -isystem/Users/ariel/git/darling/framework-include -DDARLING -DUSE_GETCWD' DEFS='-DHAVE_CONFIG_H' CFLAGS='-arch x86_64 -arch i386 -no-cpp-precomp' LDFLAGS='-Wl,-x' EXTRA_LDFLAGS='-rdynamic' DLCFLAGS='-fno-common' DLLDFLAGS='-bundle -flat_namespace -undefined suppress' LIBLDFLAGS='' EXELDFLAGS='' LIBS='-liconv -ldl -ltermcap -lm  -lc' DL_EXT='so' DLLD='/Users/ariel/private-bin/clang' AWK='awk' ANSI2KNR=': ansi2knr' YODL=': yodl ' YODL2TXT=': yodl2txt' YODL2HTML=': yodl2html' FUNCTIONS_INSTALL='' tzsh='zsh' headers
subdirs='Builtins Modules Zle'; for subdir in $subdirs; do \
	  ( cd $subdir && /Applications/Xcode.app/Contents/Developer/usr/bin/make prefix='/usr/local' exec_prefix='/usr/local' bindir='/bin' libdir='/usr/local/lib' MODDIR='/usr/local/lib/zsh/5.7.1' infodir='/usr/local/share/info' mandir='/usr/local/share/man' datadir='/usr/local/share' fndir='/usr/local/share/zsh/5.7.1/functions' htmldir='/usr/local/share/zsh/htmldoc' runhelpdir='/usr/local/share/zsh/5.7.1/help' CC='/Users/ariel/private-bin/clang' CPPFLAGS='-isystem/Users/ariel/git/darling/Developer/Platforms/MacOSX.platform/Developer/SDKs/MacOSX.sdk/usr/include -isystem/Users/ariel/arch/build/darling/Developer/Platforms/MacOSX.platform/Developer/SDKs/MacOSX.sdk/usr/include -isystem/Users/ariel/git/darling/framework-include -DDARLING -DUSE_GETCWD' DEFS='-DHAVE_CONFIG_H' CFLAGS='-arch x86_64 -arch i386 -no-cpp-precomp' LDFLAGS='-Wl,-x' EXTRA_LDFLAGS='-rdynamic' DLCFLAGS='-fno-common' DLLDFLAGS='-bundle -flat_namespace -undefined suppress' LIBLDFLAGS='' EXELDFLAGS='' LIBS='-liconv -ldl -ltermcap -lm  -lc' DL_EXT='so' DLLD='/Users/ariel/private-bin/clang' AWK='awk' ANSI2KNR=': ansi2knr' YODL=': yodl ' YODL2TXT=': yodl2txt' YODL2HTML=': yodl2html' FUNCTIONS_INSTALL='' tzsh='zsh' headers ) || exit 1; \
	done
subdirs=''; for subdir in $subdirs; do \
	  ( cd $subdir && /Applications/Xcode.app/Contents/Developer/usr/bin/make prefix='/usr/local' exec_prefix='/usr/local' bindir='/bin' libdir='/usr/local/lib' MODDIR='/usr/local/lib/zsh/5.7.1' infodir='/usr/local/share/info' mandir='/usr/local/share/man' datadir='/usr/local/share' fndir='/usr/local/share/zsh/5.7.1/functions' htmldir='/usr/local/share/zsh/htmldoc' runhelpdir='/usr/local/share/zsh/5.7.1/help' CC='/Users/ariel/private-bin/clang' CPPFLAGS='-isystem/Users/ariel/git/darling/Developer/Platforms/MacOSX.platform/Developer/SDKs/MacOSX.sdk/usr/include -isystem/Users/ariel/arch/build/darling/Developer/Platforms/MacOSX.platform/Developer/SDKs/MacOSX.sdk/usr/include -isystem/Users/ariel/git/darling/framework-include -DDARLING -DUSE_GETCWD' DEFS='-DHAVE_CONFIG_H' CFLAGS='-arch x86_64 -arch i386 -no-cpp-precomp' LDFLAGS='-Wl,-x' EXTRA_LDFLAGS='-rdynamic' DLCFLAGS='-fno-common' DLLDFLAGS='-bundle -flat_namespace -undefined suppress' LIBLDFLAGS='' EXELDFLAGS='' LIBS='-liconv -ldl -ltermcap -lm  -lc' DL_EXT='so' DLLD='/Users/ariel/private-bin/clang' AWK='awk' ANSI2KNR=': ansi2knr' YODL=': yodl ' YODL2TXT=': yodl2txt' YODL2HTML=': yodl2html' FUNCTIONS_INSTALL='' tzsh='zsh' headers ) || exit 1; \
	done
cd ../../Src/Zle && /Applications/Xcode.app/Contents/Developer/usr/bin/make prefix='/usr/local' exec_prefix='/usr/local' bindir='/bin' libdir='/usr/local/lib' MODDIR='/usr/local/lib/zsh/5.7.1' infodir='/usr/local/share/info' mandir='/usr/local/share/man' datadir='/usr/local/share' fndir='/usr/local/share/zsh/5.7.1/functions' htmldir='/usr/local/share/zsh/htmldoc' runhelpdir='/usr/local/share/zsh/5.7.1/help' CC='/Users/ariel/private-bin/clang' CPPFLAGS='-isystem/Users/ariel/git/darling/Developer/Platforms/MacOSX.platform/Developer/SDKs/MacOSX.sdk/usr/include -isystem/Users/ariel/arch/build/darling/Developer/Platforms/MacOSX.platform/Developer/SDKs/MacOSX.sdk/usr/include -isystem/Users/ariel/git/darling/framework-include -DDARLING -DUSE_GETCWD' DEFS='-DHAVE_CONFIG_H' CFLAGS='-arch x86_64 -arch i386 -no-cpp-precomp' LDFLAGS='-Wl,-x' EXTRA_LDFLAGS='-rdynamic' DLCFLAGS='-fno-common' DLLDFLAGS='-bundle -flat_namespace -undefined suppress' LIBLDFLAGS='' EXELDFLAGS='' LIBS='-liconv -ldl -ltermcap -lm  -lc' DL_EXT='so' DLLD='/Users/ariel/private-bin/clang' AWK='awk' ANSI2KNR=': ansi2knr' YODL=': yodl ' YODL2TXT=': yodl2txt' YODL2HTML=': yodl2html' FUNCTIONS_INSTALL='' tzsh='zsh' complete.mdh
make[4]: `complete.mdh' is up to date.
subdirs=''; for subdir in $subdirs; do \
	  ( cd $subdir && /Applications/Xcode.app/Contents/Developer/usr/bin/make prefix='/usr/local' exec_prefix='/usr/local' bindir='/bin' libdir='/usr/local/lib' MODDIR='/usr/local/lib/zsh/5.7.1' infodir='/usr/local/share/info' mandir='/usr/local/share/man' datadir='/usr/local/share' fndir='/usr/local/share/zsh/5.7.1/functions' htmldir='/usr/local/share/zsh/htmldoc' runhelpdir='/usr/local/share/zsh/5.7.1/help' CC='/Users/ariel/private-bin/clang' CPPFLAGS='-isystem/Users/ariel/git/darling/Developer/Platforms/MacOSX.platform/Developer/SDKs/MacOSX.sdk/usr/include -isystem/Users/ariel/arch/build/darling/Developer/Platforms/MacOSX.platform/Developer/SDKs/MacOSX.sdk/usr/include -isystem/Users/ariel/git/darling/framework-include -DDARLING -DUSE_GETCWD' DEFS='-DHAVE_CONFIG_H' CFLAGS='-arch x86_64 -arch i386 -no-cpp-precomp' LDFLAGS='-Wl,-x' EXTRA_LDFLAGS='-rdynamic' DLCFLAGS='-fno-common' DLLDFLAGS='-bundle -flat_namespace -undefined suppress' LIBLDFLAGS='' EXELDFLAGS='' LIBS='-liconv -ldl -ltermcap -lm  -lc' DL_EXT='so' DLLD='/Users/ariel/private-bin/clang' AWK='awk' ANSI2KNR=': ansi2knr' YODL=': yodl ' YODL2TXT=': yodl2txt' YODL2HTML=': yodl2html' FUNCTIONS_INSTALL='' tzsh='zsh' headers ) || exit 1; \
	done
subdirs=''; for subdir in $subdirs; do \
	  ( cd $subdir && /Applications/Xcode.app/Contents/Developer/usr/bin/make prefix='/usr/local' exec_prefix='/usr/local' bindir='/bin' libdir='/usr/local/lib' MODDIR='/usr/local/lib/zsh/5.7.1' infodir='/usr/local/share/info' mandir='/usr/local/share/man' datadir='/usr/local/share' fndir='/usr/local/share/zsh/5.7.1/functions' htmldir='/usr/local/share/zsh/htmldoc' runhelpdir='/usr/local/share/zsh/5.7.1/help' CC='/Users/ariel/private-bin/clang' CPPFLAGS='-isystem/Users/ariel/git/darling/Developer/Platforms/MacOSX.platform/Developer/SDKs/MacOSX.sdk/usr/include -isystem/Users/ariel/arch/build/darling/Developer/Platforms/MacOSX.platform/Developer/SDKs/MacOSX.sdk/usr/include -isystem/Users/ariel/git/darling/framework-include -DDARLING -DUSE_GETCWD' DEFS='-DHAVE_CONFIG_H' CFLAGS='-arch x86_64 -arch i386 -no-cpp-precomp' LDFLAGS='-Wl,-x' EXTRA_LDFLAGS='-rdynamic' DLCFLAGS='-fno-common' DLLDFLAGS='-bundle -flat_namespace -undefined suppress' LIBLDFLAGS='' EXELDFLAGS='' LIBS='-liconv -ldl -ltermcap -lm  -lc' DL_EXT='so' DLLD='/Users/ariel/private-bin/clang' AWK='awk' ANSI2KNR=': ansi2knr' YODL=': yodl ' YODL2TXT=': yodl2txt' YODL2HTML=': yodl2html' FUNCTIONS_INSTALL='' tzsh='zsh' headers ) || exit 1; \
	done
rm -f stamp-modobjs.tmp
/Applications/Xcode.app/Contents/Developer/usr/bin/make -f Makemod prefix='/usr/local' exec_prefix='/usr/local' bindir='/bin' libdir='/usr/local/lib' MODDIR='/usr/local/lib/zsh/5.7.1' infodir='/usr/local/share/info' mandir='/usr/local/share/man' datadir='/usr/local/share' fndir='/usr/local/share/zsh/5.7.1/functions' htmldir='/usr/local/share/zsh/htmldoc' runhelpdir='/usr/local/share/zsh/5.7.1/help' CC='/Users/ariel/private-bin/clang' CPPFLAGS='-isystem/Users/ariel/git/darling/Developer/Platforms/MacOSX.platform/Developer/SDKs/MacOSX.sdk/usr/include -isystem/Users/ariel/arch/build/darling/Developer/Platforms/MacOSX.platform/Developer/SDKs/MacOSX.sdk/usr/include -isystem/Users/ariel/git/darling/framework-include -DDARLING -DUSE_GETCWD' DEFS='-DHAVE_CONFIG_H' CFLAGS='-arch x86_64 -arch i386 -no-cpp-precomp' LDFLAGS='-Wl,-x' EXTRA_LDFLAGS='-rdynamic' DLCFLAGS='-fno-common' DLLDFLAGS='-bundle -flat_namespace -undefined suppress' LIBLDFLAGS='' EXELDFLAGS='' LIBS='-liconv -ldl -ltermcap -lm  -lc' DL_EXT='so' DLLD='/Users/ariel/private-bin/clang' AWK='awk' ANSI2KNR=': ansi2knr' YODL=': yodl ' YODL2TXT=': yodl2txt' YODL2HTML=': yodl2html' FUNCTIONS_INSTALL='' tzsh='zsh' modobjs
if [ -f ../../zsh/Src/patchlevel.h.release ]; then \
	  cp -f ../../zsh/Src/patchlevel.h.release patchlevel.h; \
	else \
	  echo '#define ZSH_PATCHLEVEL "'`cd ../../zsh/Src && git describe --tags --long --abbrev=7`'"' > patchlevel.h.tmp; \
	  cmp patchlevel.h patchlevel.h.tmp >/dev/null 2>&1 && rm -f patchlevel.h.tmp || mv -f patchlevel.h.tmp patchlevel.h; \
	fi
/Users/ariel/private-bin/clang -c -I. -I../Src -I../../zsh/Src -I../../zsh/Src/Zle -I../../zsh/Src -isystem/Users/ariel/git/darling/Developer/Platforms/MacOSX.platform/Developer/SDKs/MacOSX.sdk/usr/include -isystem/Users/ariel/arch/build/darling/Developer/Platforms/MacOSX.platform/Developer/SDKs/MacOSX.sdk/usr/include -isystem/Users/ariel/git/darling/framework-include -DDARLING -DUSE_GETCWD -DHAVE_CONFIG_H -arch x86_64 -arch i386 -no-cpp-precomp  -o params.o ../../zsh/Src/params.c
rm -f ../Src/stamp-modobjs
echo '' builtin.o compat.o cond.o context.o exec.o glob.o hashtable.o hashnameddir.o hist.o init.o input.o jobs.o lex.o linklist.o loop.o math.o mem.o module.o options.o params.o parse.o pattern.o prompt.o signals.o signames.o sort.o string.o subst.o text.o utils.o watch.o >> ../Src/stamp-modobjs.tmp
subdirs='Builtins Modules Zle'; for subdir in $subdirs; do \
	  ( cd $subdir && /Applications/Xcode.app/Contents/Developer/usr/bin/make prefix='/usr/local' exec_prefix='/usr/local' bindir='/bin' libdir='/usr/local/lib' MODDIR='/usr/local/lib/zsh/5.7.1' infodir='/usr/local/share/info' mandir='/usr/local/share/man' datadir='/usr/local/share' fndir='/usr/local/share/zsh/5.7.1/functions' htmldir='/usr/local/share/zsh/htmldoc' runhelpdir='/usr/local/share/zsh/5.7.1/help' CC='/Users/ariel/private-bin/clang' CPPFLAGS='-isystem/Users/ariel/git/darling/Developer/Platforms/MacOSX.platform/Developer/SDKs/MacOSX.sdk/usr/include -isystem/Users/ariel/arch/build/darling/Developer/Platforms/MacOSX.platform/Developer/SDKs/MacOSX.sdk/usr/include -isystem/Users/ariel/git/darling/framework-include -DDARLING -DUSE_GETCWD' DEFS='-DHAVE_CONFIG_H' CFLAGS='-arch x86_64 -arch i386 -no-cpp-precomp' LDFLAGS='-Wl,-x' EXTRA_LDFLAGS='-rdynamic' DLCFLAGS='-fno-common' DLLDFLAGS='-bundle -flat_namespace -undefined suppress' LIBLDFLAGS='' EXELDFLAGS='' LIBS='-liconv -ldl -ltermcap -lm  -lc' DL_EXT='so' DLLD='/Users/ariel/private-bin/clang' AWK='awk' ANSI2KNR=': ansi2knr' YODL=': yodl ' YODL2TXT=': yodl2txt' YODL2HTML=': yodl2html' FUNCTIONS_INSTALL='' tzsh='zsh' modobjs ) || exit 1; \
	done
subdirs=''; for subdir in $subdirs; do \
	  ( cd $subdir && /Applications/Xcode.app/Contents/Developer/usr/bin/make prefix='/usr/local' exec_prefix='/usr/local' bindir='/bin' libdir='/usr/local/lib' MODDIR='/usr/local/lib/zsh/5.7.1' infodir='/usr/local/share/info' mandir='/usr/local/share/man' datadir='/usr/local/share' fndir='/usr/local/share/zsh/5.7.1/functions' htmldir='/usr/local/share/zsh/htmldoc' runhelpdir='/usr/local/share/zsh/5.7.1/help' CC='/Users/ariel/private-bin/clang' CPPFLAGS='-isystem/Users/ariel/git/darling/Developer/Platforms/MacOSX.platform/Developer/SDKs/MacOSX.sdk/usr/include -isystem/Users/ariel/arch/build/darling/Developer/Platforms/MacOSX.platform/Developer/SDKs/MacOSX.sdk/usr/include -isystem/Users/ariel/git/darling/framework-include -DDARLING -DUSE_GETCWD' DEFS='-DHAVE_CONFIG_H' CFLAGS='-arch x86_64 -arch i386 -no-cpp-precomp' LDFLAGS='-Wl,-x' EXTRA_LDFLAGS='-rdynamic' DLCFLAGS='-fno-common' DLLDFLAGS='-bundle -flat_namespace -undefined suppress' LIBLDFLAGS='' EXELDFLAGS='' LIBS='-liconv -ldl -ltermcap -lm  -lc' DL_EXT='so' DLLD='/Users/ariel/private-bin/clang' AWK='awk' ANSI2KNR=': ansi2knr' YODL=': yodl ' YODL2TXT=': yodl2txt' YODL2HTML=': yodl2html' FUNCTIONS_INSTALL='' tzsh='zsh' modobjs ) || exit 1; \
	done
subdirs=''; for subdir in $subdirs; do \
	  ( cd $subdir && /Applications/Xcode.app/Contents/Developer/usr/bin/make prefix='/usr/local' exec_prefix='/usr/local' bindir='/bin' libdir='/usr/local/lib' MODDIR='/usr/local/lib/zsh/5.7.1' infodir='/usr/local/share/info' mandir='/usr/local/share/man' datadir='/usr/local/share' fndir='/usr/local/share/zsh/5.7.1/functions' htmldir='/usr/local/share/zsh/htmldoc' runhelpdir='/usr/local/share/zsh/5.7.1/help' CC='/Users/ariel/private-bin/clang' CPPFLAGS='-isystem/Users/ariel/git/darling/Developer/Platforms/MacOSX.platform/Developer/SDKs/MacOSX.sdk/usr/include -isystem/Users/ariel/arch/build/darling/Developer/Platforms/MacOSX.platform/Developer/SDKs/MacOSX.sdk/usr/include -isystem/Users/ariel/git/darling/framework-include -DDARLING -DUSE_GETCWD' DEFS='-DHAVE_CONFIG_H' CFLAGS='-arch x86_64 -arch i386 -no-cpp-precomp' LDFLAGS='-Wl,-x' EXTRA_LDFLAGS='-rdynamic' DLCFLAGS='-fno-common' DLLDFLAGS='-bundle -flat_namespace -undefined suppress' LIBLDFLAGS='' EXELDFLAGS='' LIBS='-liconv -ldl -ltermcap -lm  -lc' DL_EXT='so' DLLD='/Users/ariel/private-bin/clang' AWK='awk' ANSI2KNR=': ansi2knr' YODL=': yodl ' YODL2TXT=': yodl2txt' YODL2HTML=': yodl2html' FUNCTIONS_INSTALL='' tzsh='zsh' modobjs ) || exit 1; \
	done
subdirs=''; for subdir in $subdirs; do \
	  ( cd $subdir && /Applications/Xcode.app/Contents/Developer/usr/bin/make prefix='/usr/local' exec_prefix='/usr/local' bindir='/bin' libdir='/usr/local/lib' MODDIR='/usr/local/lib/zsh/5.7.1' infodir='/usr/local/share/info' mandir='/usr/local/share/man' datadir='/usr/local/share' fndir='/usr/local/share/zsh/5.7.1/functions' htmldir='/usr/local/share/zsh/htmldoc' runhelpdir='/usr/local/share/zsh/5.7.1/help' CC='/Users/ariel/private-bin/clang' CPPFLAGS='-isystem/Users/ariel/git/darling/Developer/Platforms/MacOSX.platform/Developer/SDKs/MacOSX.sdk/usr/include -isystem/Users/ariel/arch/build/darling/Developer/Platforms/MacOSX.platform/Developer/SDKs/MacOSX.sdk/usr/include -isystem/Users/ariel/git/darling/framework-include -DDARLING -DUSE_GETCWD' DEFS='-DHAVE_CONFIG_H' CFLAGS='-arch x86_64 -arch i386 -no-cpp-precomp' LDFLAGS='-Wl,-x' EXTRA_LDFLAGS='-rdynamic' DLCFLAGS='-fno-common' DLLDFLAGS='-bundle -flat_namespace -undefined suppress' LIBLDFLAGS='' EXELDFLAGS='' LIBS='-liconv -ldl -ltermcap -lm  -lc' DL_EXT='so' DLLD='/Users/ariel/private-bin/clang' AWK='awk' ANSI2KNR=': ansi2knr' YODL=': yodl ' YODL2TXT=': yodl2txt' YODL2HTML=': yodl2html' FUNCTIONS_INSTALL='' tzsh='zsh' modobjs ) || exit 1; \
	done
if cmp -s stamp-modobjs.tmp stamp-modobjs; then \
	    rm -f stamp-modobjs.tmp; \
	    echo "\`stamp-modobjs' is up to date."; \
	else \
	    mv -f stamp-modobjs.tmp stamp-modobjs; \
	    echo "Updated \`stamp-modobjs'."; \
	fi
rm -f zsh
/Users/ariel/private-bin/clang -Wl,-x  -rdynamic -o zsh main.o  `cat stamp-modobjs`   -liconv -ldl -ltermcap -lm  -lc
/bin/sh ../../zsh/mkinstalldirs /bin
/usr/bin/install -c  zsh /bin/zsh-5.7.1
if test -f /bin/zsh; then \
	    rm -f /bin/zsh.old; \
	    ln /bin/zsh /bin/zsh.old; \
	else :; fi
rm -f /bin/zsh.new
ln /bin/zsh-5.7.1 /bin/zsh.new
mv /bin/zsh.new /bin/zsh
cd Src && /Applications/Xcode.app/Contents/Developer/usr/bin/make prefix='/usr/local' exec_prefix='/usr/local' bindir='/bin' libdir='/usr/local/lib' MODDIR='/usr/local/lib/zsh/5.7.1' infodir='/usr/local/share/info' mandir='/usr/local/share/man' datadir='/usr/local/share' fndir='/usr/local/share/zsh/5.7.1/functions' htmldir='/usr/local/share/zsh/htmldoc' runhelpdir='/usr/local/share/zsh/5.7.1/help' CC='/Users/ariel/private-bin/clang' CPPFLAGS='-isystem/Users/ariel/git/darling/Developer/Platforms/MacOSX.platform/Developer/SDKs/MacOSX.sdk/usr/include -isystem/Users/ariel/arch/build/darling/Developer/Platforms/MacOSX.platform/Developer/SDKs/MacOSX.sdk/usr/include -isystem/Users/ariel/git/darling/framework-include -DDARLING -DUSE_GETCWD' DEFS='-DHAVE_CONFIG_H' CFLAGS='-arch x86_64 -arch i386 -no-cpp-precomp' LDFLAGS='-Wl,-x' EXTRA_LDFLAGS='-rdynamic' DLCFLAGS='-fno-common' DLLDFLAGS='-bundle -flat_namespace -undefined suppress' LIBLDFLAGS='' EXELDFLAGS='' LIBS='-liconv -ldl -ltermcap -lm  -lc' DL_EXT='so' DLLD='/Users/ariel/private-bin/clang' AWK='awk' ANSI2KNR=': ansi2knr' YODL=': yodl ' YODL2TXT=': yodl2txt' YODL2HTML=': yodl2html' FUNCTIONS_INSTALL='' tzsh='zsh' install.modules
/Applications/Xcode.app/Contents/Developer/usr/bin/make -f Makemod prefix='/usr/local' exec_prefix='/usr/local' bindir='/bin' libdir='/usr/local/lib' MODDIR='/usr/local/lib/zsh/5.7.1' infodir='/usr/local/share/info' mandir='/usr/local/share/man' datadir='/usr/local/share' fndir='/usr/local/share/zsh/5.7.1/functions' htmldir='/usr/local/share/zsh/htmldoc' runhelpdir='/usr/local/share/zsh/5.7.1/help' CC='/Users/ariel/private-bin/clang' CPPFLAGS='-isystem/Users/ariel/git/darling/Developer/Platforms/MacOSX.platform/Developer/SDKs/MacOSX.sdk/usr/include -isystem/Users/ariel/arch/build/darling/Developer/Platforms/MacOSX.platform/Developer/SDKs/MacOSX.sdk/usr/include -isystem/Users/ariel/git/darling/framework-include -DDARLING -DUSE_GETCWD' DEFS='-DHAVE_CONFIG_H' CFLAGS='-arch x86_64 -arch i386 -no-cpp-precomp' LDFLAGS='-Wl,-x' EXTRA_LDFLAGS='-rdynamic' DLCFLAGS='-fno-common' DLLDFLAGS='-bundle -flat_namespace -undefined suppress' LIBLDFLAGS='' EXELDFLAGS='' LIBS='-liconv -ldl -ltermcap -lm  -lc' DL_EXT='so' DLLD='/Users/ariel/private-bin/clang' AWK='awk' ANSI2KNR=': ansi2knr' YODL=': yodl ' YODL2TXT=': yodl2txt' YODL2HTML=': yodl2html' FUNCTIONS_INSTALL='' tzsh='zsh' install.modules
subdirs='Builtins Modules Zle'; for subdir in $subdirs; do \
	  ( cd $subdir && /Applications/Xcode.app/Contents/Developer/usr/bin/make prefix='/usr/local' exec_prefix='/usr/local' bindir='/bin' libdir='/usr/local/lib' MODDIR='/usr/local/lib/zsh/5.7.1' infodir='/usr/local/share/info' mandir='/usr/local/share/man' datadir='/usr/local/share' fndir='/usr/local/share/zsh/5.7.1/functions' htmldir='/usr/local/share/zsh/htmldoc' runhelpdir='/usr/local/share/zsh/5.7.1/help' CC='/Users/ariel/private-bin/clang' CPPFLAGS='-isystem/Users/ariel/git/darling/Developer/Platforms/MacOSX.platform/Developer/SDKs/MacOSX.sdk/usr/include -isystem/Users/ariel/arch/build/darling/Developer/Platforms/MacOSX.platform/Developer/SDKs/MacOSX.sdk/usr/include -isystem/Users/ariel/git/darling/framework-include -DDARLING -DUSE_GETCWD' DEFS='-DHAVE_CONFIG_H' CFLAGS='-arch x86_64 -arch i386 -no-cpp-precomp' LDFLAGS='-Wl,-x' EXTRA_LDFLAGS='-rdynamic' DLCFLAGS='-fno-common' DLLDFLAGS='-bundle -flat_namespace -undefined suppress' LIBLDFLAGS='' EXELDFLAGS='' LIBS='-liconv -ldl -ltermcap -lm  -lc' DL_EXT='so' DLLD='/Users/ariel/private-bin/clang' AWK='awk' ANSI2KNR=': ansi2knr' YODL=': yodl ' YODL2TXT=': yodl2txt' YODL2HTML=': yodl2html' FUNCTIONS_INSTALL='' tzsh='zsh' install.modules ) || exit 1; \
	done
/bin/sh ../../../zsh/mkinstalldirs /usr/local/lib/zsh/5.7.1/zsh
/usr/bin/install -c  rlimits.so /usr/local/lib/zsh/5.7.1/zsh/rlimits.so
/bin/sh ../../../zsh/mkinstalldirs /usr/local/lib/zsh/5.7.1/zsh
/usr/bin/install -c  sched.so /usr/local/lib/zsh/5.7.1/zsh/sched.so
subdirs=''; for subdir in $subdirs; do \
	  ( cd $subdir && /Applications/Xcode.app/Contents/Developer/usr/bin/make prefix='/usr/local' exec_prefix='/usr/local' bindir='/bin' libdir='/usr/local/lib' MODDIR='/usr/local/lib/zsh/5.7.1' infodir='/usr/local/share/info' mandir='/usr/local/share/man' datadir='/usr/local/share' fndir='/usr/local/share/zsh/5.7.1/functions' htmldir='/usr/local/share/zsh/htmldoc' runhelpdir='/usr/local/share/zsh/5.7.1/help' CC='/Users/ariel/private-bin/clang' CPPFLAGS='-isystem/Users/ariel/git/darling/Developer/Platforms/MacOSX.platform/Developer/SDKs/MacOSX.sdk/usr/include -isystem/Users/ariel/arch/build/darling/Developer/Platforms/MacOSX.platform/Developer/SDKs/MacOSX.sdk/usr/include -isystem/Users/ariel/git/darling/framework-include -DDARLING -DUSE_GETCWD' DEFS='-DHAVE_CONFIG_H' CFLAGS='-arch x86_64 -arch i386 -no-cpp-precomp' LDFLAGS='-Wl,-x' EXTRA_LDFLAGS='-rdynamic' DLCFLAGS='-fno-common' DLLDFLAGS='-bundle -flat_namespace -undefined suppress' LIBLDFLAGS='' EXELDFLAGS='' LIBS='-liconv -ldl -ltermcap -lm  -lc' DL_EXT='so' DLLD='/Users/ariel/private-bin/clang' AWK='awk' ANSI2KNR=': ansi2knr' YODL=': yodl ' YODL2TXT=': yodl2txt' YODL2HTML=': yodl2html' FUNCTIONS_INSTALL='' tzsh='zsh' install.modules ) || exit 1; \
	done
/bin/sh ../../../zsh/mkinstalldirs /usr/local/lib/zsh/5.7.1/zsh
/usr/bin/install -c  attr.so /usr/local/lib/zsh/5.7.1/zsh/attr.so
/bin/sh ../../../zsh/mkinstalldirs /usr/local/lib/zsh/5.7.1/zsh
/usr/bin/install -c  cap.so /usr/local/lib/zsh/5.7.1/zsh/cap.so
/bin/sh ../../../zsh/mkinstalldirs /usr/local/lib/zsh/5.7.1/zsh
/usr/bin/install -c  clone.so /usr/local/lib/zsh/5.7.1/zsh/clone.so
/bin/sh ../../../zsh/mkinstalldirs /usr/local/lib/zsh/5.7.1/zsh
/usr/bin/install -c  curses.so /usr/local/lib/zsh/5.7.1/zsh/curses.so
/bin/sh ../../../zsh/mkinstalldirs /usr/local/lib/zsh/5.7.1/zsh
/usr/bin/install -c  datetime.so /usr/local/lib/zsh/5.7.1/zsh/datetime.so
/bin/sh ../../../zsh/mkinstalldirs /usr/local/lib/zsh/5.7.1/zsh
/usr/bin/install -c  example.so /usr/local/lib/zsh/5.7.1/zsh/example.so
/bin/sh ../../../zsh/mkinstalldirs /usr/local/lib/zsh/5.7.1/zsh
/usr/bin/install -c  files.so /usr/local/lib/zsh/5.7.1/zsh/files.so
/bin/sh ../../../zsh/mkinstalldirs /usr/local/lib/zsh/5.7.1/zsh
/usr/bin/install -c  langinfo.so /usr/local/lib/zsh/5.7.1/zsh/langinfo.so
/bin/sh ../../../zsh/mkinstalldirs /usr/local/lib/zsh/5.7.1/zsh
/usr/bin/install -c  mapfile.so /usr/local/lib/zsh/5.7.1/zsh/mapfile.so
/bin/sh ../../../zsh/mkinstalldirs /usr/local/lib/zsh/5.7.1/zsh
/usr/bin/install -c  mathfunc.so /usr/local/lib/zsh/5.7.1/zsh/mathfunc.so
/bin/sh ../../../zsh/mkinstalldirs /usr/local/lib/zsh/5.7.1/zsh
/usr/bin/install -c  nearcolor.so /usr/local/lib/zsh/5.7.1/zsh/nearcolor.so
/bin/sh ../../../zsh/mkinstalldirs /usr/local/lib/zsh/5.7.1/zsh
/usr/bin/install -c  newuser.so /usr/local/lib/zsh/5.7.1/zsh/newuser.so
/bin/sh ../../../zsh/mkinstalldirs /usr/local/lib/zsh/5.7.1/zsh/param
/usr/bin/install -c  param_private.so /usr/local/lib/zsh/5.7.1/zsh/param/private.so
/bin/sh ../../../zsh/mkinstalldirs /usr/local/lib/zsh/5.7.1/zsh
/usr/bin/install -c  parameter.so /usr/local/lib/zsh/5.7.1/zsh/parameter.so
/bin/sh ../../../zsh/mkinstalldirs /usr/local/lib/zsh/5.7.1/zsh
/usr/bin/install -c  regex.so /usr/local/lib/zsh/5.7.1/zsh/regex.so
/bin/sh ../../../zsh/mkinstalldirs /usr/local/lib/zsh/5.7.1/zsh/net
/usr/bin/install -c  socket.so /usr/local/lib/zsh/5.7.1/zsh/net/socket.so
/bin/sh ../../../zsh/mkinstalldirs /usr/local/lib/zsh/5.7.1/zsh
/usr/bin/install -c  stat.so /usr/local/lib/zsh/5.7.1/zsh/stat.so
/bin/sh ../../../zsh/mkinstalldirs /usr/local/lib/zsh/5.7.1/zsh
/usr/bin/install -c  system.so /usr/local/lib/zsh/5.7.1/zsh/system.so
/bin/sh ../../../zsh/mkinstalldirs /usr/local/lib/zsh/5.7.1/zsh/net
/usr/bin/install -c  tcp.so /usr/local/lib/zsh/5.7.1/zsh/net/tcp.so
/bin/sh ../../../zsh/mkinstalldirs /usr/local/lib/zsh/5.7.1/zsh
/usr/bin/install -c  termcap.so /usr/local/lib/zsh/5.7.1/zsh/termcap.so
/bin/sh ../../../zsh/mkinstalldirs /usr/local/lib/zsh/5.7.1/zsh
/usr/bin/install -c  terminfo.so /usr/local/lib/zsh/5.7.1/zsh/terminfo.so
/bin/sh ../../../zsh/mkinstalldirs /usr/local/lib/zsh/5.7.1/zsh
/usr/bin/install -c  zftp.so /usr/local/lib/zsh/5.7.1/zsh/zftp.so
/bin/sh ../../../zsh/mkinstalldirs /usr/local/lib/zsh/5.7.1/zsh
/usr/bin/install -c  zprof.so /usr/local/lib/zsh/5.7.1/zsh/zprof.so
/bin/sh ../../../zsh/mkinstalldirs /usr/local/lib/zsh/5.7.1/zsh
/usr/bin/install -c  zpty.so /usr/local/lib/zsh/5.7.1/zsh/zpty.so
/bin/sh ../../../zsh/mkinstalldirs /usr/local/lib/zsh/5.7.1/zsh
/usr/bin/install -c  zselect.so /usr/local/lib/zsh/5.7.1/zsh/zselect.so
cd ../../Src/Zle && /Applications/Xcode.app/Contents/Developer/usr/bin/make prefix='/usr/local' exec_prefix='/usr/local' bindir='/bin' libdir='/usr/local/lib' MODDIR='/usr/local/lib/zsh/5.7.1' infodir='/usr/local/share/info' mandir='/usr/local/share/man' datadir='/usr/local/share' fndir='/usr/local/share/zsh/5.7.1/functions' htmldir='/usr/local/share/zsh/htmldoc' runhelpdir='/usr/local/share/zsh/5.7.1/help' CC='/Users/ariel/private-bin/clang' CPPFLAGS='-isystem/Users/ariel/git/darling/Developer/Platforms/MacOSX.platform/Developer/SDKs/MacOSX.sdk/usr/include -isystem/Users/ariel/arch/build/darling/Developer/Platforms/MacOSX.platform/Developer/SDKs/MacOSX.sdk/usr/include -isystem/Users/ariel/git/darling/framework-include -DDARLING -DUSE_GETCWD' DEFS='-DHAVE_CONFIG_H' CFLAGS='-arch x86_64 -arch i386 -no-cpp-precomp' LDFLAGS='-Wl,-x' EXTRA_LDFLAGS='-rdynamic' DLCFLAGS='-fno-common' DLLDFLAGS='-bundle -flat_namespace -undefined suppress' LIBLDFLAGS='' EXELDFLAGS='' LIBS='-liconv -ldl -ltermcap -lm  -lc' DL_EXT='so' DLLD='/Users/ariel/private-bin/clang' AWK='awk' ANSI2KNR=': ansi2knr' YODL=': yodl ' YODL2TXT=': yodl2txt' YODL2HTML=': yodl2html' FUNCTIONS_INSTALL='' tzsh='zsh' complete.mdh
make[4]: `complete.mdh' is up to date.
cd ../../Src/Zle && /Applications/Xcode.app/Contents/Developer/usr/bin/make prefix='/usr/local' exec_prefix='/usr/local' bindir='/bin' libdir='/usr/local/lib' MODDIR='/usr/local/lib/zsh/5.7.1' infodir='/usr/local/share/info' mandir='/usr/local/share/man' datadir='/usr/local/share' fndir='/usr/local/share/zsh/5.7.1/functions' htmldir='/usr/local/share/zsh/htmldoc' runhelpdir='/usr/local/share/zsh/5.7.1/help' CC='/Users/ariel/private-bin/clang' CPPFLAGS='-isystem/Users/ariel/git/darling/Developer/Platforms/MacOSX.platform/Developer/SDKs/MacOSX.sdk/usr/include -isystem/Users/ariel/arch/build/darling/Developer/Platforms/MacOSX.platform/Developer/SDKs/MacOSX.sdk/usr/include -isystem/Users/ariel/git/darling/framework-include -DDARLING -DUSE_GETCWD' DEFS='-DHAVE_CONFIG_H' CFLAGS='-arch x86_64 -arch i386 -no-cpp-precomp' LDFLAGS='-Wl,-x' EXTRA_LDFLAGS='-rdynamic' DLCFLAGS='-fno-common' DLLDFLAGS='-bundle -flat_namespace -undefined suppress' LIBLDFLAGS='' EXELDFLAGS='' LIBS='-liconv -ldl -ltermcap -lm  -lc' DL_EXT='so' DLLD='/Users/ariel/private-bin/clang' AWK='awk' ANSI2KNR=': ansi2knr' YODL=': yodl ' YODL2TXT=': yodl2txt' YODL2HTML=': yodl2html' FUNCTIONS_INSTALL='' tzsh='zsh' complete.export
make[4]: `complete.export' is up to date.
/bin/sh ../../../zsh/mkinstalldirs /usr/local/lib/zsh/5.7.1/zsh
/usr/bin/install -c  zutil.so /usr/local/lib/zsh/5.7.1/zsh/zutil.so
subdirs=''; for subdir in $subdirs; do \
	  ( cd $subdir && /Applications/Xcode.app/Contents/Developer/usr/bin/make prefix='/usr/local' exec_prefix='/usr/local' bindir='/bin' libdir='/usr/local/lib' MODDIR='/usr/local/lib/zsh/5.7.1' infodir='/usr/local/share/info' mandir='/usr/local/share/man' datadir='/usr/local/share' fndir='/usr/local/share/zsh/5.7.1/functions' htmldir='/usr/local/share/zsh/htmldoc' runhelpdir='/usr/local/share/zsh/5.7.1/help' CC='/Users/ariel/private-bin/clang' CPPFLAGS='-isystem/Users/ariel/git/darling/Developer/Platforms/MacOSX.platform/Developer/SDKs/MacOSX.sdk/usr/include -isystem/Users/ariel/arch/build/darling/Developer/Platforms/MacOSX.platform/Developer/SDKs/MacOSX.sdk/usr/include -isystem/Users/ariel/git/darling/framework-include -DDARLING -DUSE_GETCWD' DEFS='-DHAVE_CONFIG_H' CFLAGS='-arch x86_64 -arch i386 -no-cpp-precomp' LDFLAGS='-Wl,-x' EXTRA_LDFLAGS='-rdynamic' DLCFLAGS='-fno-common' DLLDFLAGS='-bundle -flat_namespace -undefined suppress' LIBLDFLAGS='' EXELDFLAGS='' LIBS='-liconv -ldl -ltermcap -lm  -lc' DL_EXT='so' DLLD='/Users/ariel/private-bin/clang' AWK='awk' ANSI2KNR=': ansi2knr' YODL=': yodl ' YODL2TXT=': yodl2txt' YODL2HTML=': yodl2html' FUNCTIONS_INSTALL='' tzsh='zsh' install.modules ) || exit 1; \
	done
/bin/sh ../../../zsh/mkinstalldirs /usr/local/lib/zsh/5.7.1/zsh
/usr/bin/install -c  compctl.so /usr/local/lib/zsh/5.7.1/zsh/compctl.so
/bin/sh ../../../zsh/mkinstalldirs /usr/local/lib/zsh/5.7.1/zsh
/usr/bin/install -c  complete.so /usr/local/lib/zsh/5.7.1/zsh/complete.so
/bin/sh ../../../zsh/mkinstalldirs /usr/local/lib/zsh/5.7.1/zsh
/usr/bin/install -c  complist.so /usr/local/lib/zsh/5.7.1/zsh/complist.so
/bin/sh ../../../zsh/mkinstalldirs /usr/local/lib/zsh/5.7.1/zsh
/usr/bin/install -c  computil.so /usr/local/lib/zsh/5.7.1/zsh/computil.so
/bin/sh ../../../zsh/mkinstalldirs /usr/local/lib/zsh/5.7.1/zsh
/usr/bin/install -c  deltochar.so /usr/local/lib/zsh/5.7.1/zsh/deltochar.so
/bin/sh ../../../zsh/mkinstalldirs /usr/local/lib/zsh/5.7.1/zsh
/usr/bin/install -c  zle.so /usr/local/lib/zsh/5.7.1/zsh/zle.so
/bin/sh ../../../zsh/mkinstalldirs /usr/local/lib/zsh/5.7.1/zsh
/usr/bin/install -c  zleparameter.so /usr/local/lib/zsh/5.7.1/zsh/zleparameter.so
subdirs=''; for subdir in $subdirs; do \
	  ( cd $subdir && /Applications/Xcode.app/Contents/Developer/usr/bin/make prefix='/usr/local' exec_prefix='/usr/local' bindir='/bin' libdir='/usr/local/lib' MODDIR='/usr/local/lib/zsh/5.7.1' infodir='/usr/local/share/info' mandir='/usr/local/share/man' datadir='/usr/local/share' fndir='/usr/local/share/zsh/5.7.1/functions' htmldir='/usr/local/share/zsh/htmldoc' runhelpdir='/usr/local/share/zsh/5.7.1/help' CC='/Users/ariel/private-bin/clang' CPPFLAGS='-isystem/Users/ariel/git/darling/Developer/Platforms/MacOSX.platform/Developer/SDKs/MacOSX.sdk/usr/include -isystem/Users/ariel/arch/build/darling/Developer/Platforms/MacOSX.platform/Developer/SDKs/MacOSX.sdk/usr/include -isystem/Users/ariel/git/darling/framework-include -DDARLING -DUSE_GETCWD' DEFS='-DHAVE_CONFIG_H' CFLAGS='-arch x86_64 -arch i386 -no-cpp-precomp' LDFLAGS='-Wl,-x' EXTRA_LDFLAGS='-rdynamic' DLCFLAGS='-fno-common' DLLDFLAGS='-bundle -flat_namespace -undefined suppress' LIBLDFLAGS='' EXELDFLAGS='' LIBS='-liconv -ldl -ltermcap -lm  -lc' DL_EXT='so' DLLD='/Users/ariel/private-bin/clang' AWK='awk' ANSI2KNR=': ansi2knr' YODL=': yodl ' YODL2TXT=': yodl2txt' YODL2HTML=': yodl2html' FUNCTIONS_INSTALL='' tzsh='zsh' install.modules ) || exit 1; \
	done
if test x/usr/local/share/zsh/5.7.1/functions != x && test x/usr/local/share/zsh/5.7.1/functions != xno; then \
	  test x/usr/local/share/zsh/site-functions != xno && \
	    /bin/sh ../zsh/mkinstalldirs /usr/local/share/zsh/site-functions; \
	  sdir_top="../zsh" fndir="/usr/local/share/zsh/5.7.1/functions" dir_top="." \
	  scriptdir="/usr/local/share/zsh/5.7.1/scripts" runhelpdir="/usr/local/share/zsh/5.7.1/help" \
	  FUNCTIONS_SUBDIRS="no" \
	  INSTALL_DATA="/usr/bin/install -c -m 644" \
	  INSTALL_PROGRAM="/usr/bin/install -c" \
	  DESTDIR="" VERSION="5.7.1" \
	  /bin/sh ../zsh/Config/installfns.sh || exit 1; \
	fi; \
	exit 0
cd Doc && /Applications/Xcode.app/Contents/Developer/usr/bin/make prefix='/usr/local' exec_prefix='/usr/local' bindir='/bin' libdir='/usr/local/lib' MODDIR='/usr/local/lib/zsh/5.7.1' infodir='/usr/local/share/info' mandir='/usr/local/share/man' datadir='/usr/local/share' fndir='/usr/local/share/zsh/5.7.1/functions' htmldir='/usr/local/share/zsh/htmldoc' runhelpdir='/usr/local/share/zsh/5.7.1/help' CC='/Users/ariel/private-bin/clang' CPPFLAGS='-isystem/Users/ariel/git/darling/Developer/Platforms/MacOSX.platform/Developer/SDKs/MacOSX.sdk/usr/include -isystem/Users/ariel/arch/build/darling/Developer/Platforms/MacOSX.platform/Developer/SDKs/MacOSX.sdk/usr/include -isystem/Users/ariel/git/darling/framework-include -DDARLING -DUSE_GETCWD' DEFS='-DHAVE_CONFIG_H' CFLAGS='-arch x86_64 -arch i386 -no-cpp-precomp' LDFLAGS='-Wl,-x' EXTRA_LDFLAGS='-rdynamic' DLCFLAGS='-fno-common' DLLDFLAGS='-bundle -flat_namespace -undefined suppress' LIBLDFLAGS='' EXELDFLAGS='' LIBS='-liconv -ldl -ltermcap -lm  -lc' DL_EXT='so' DLLD='/Users/ariel/private-bin/clang' AWK='awk' ANSI2KNR=': ansi2knr' YODL=': yodl ' YODL2TXT=': yodl2txt' YODL2HTML=': yodl2html' FUNCTIONS_INSTALL='' tzsh='zsh' install.man
/bin/sh ../../zsh/mkinstalldirs /usr/local/share/man/man1
for file in zsh.1 zshbuiltins.1 zshcompctl.1 zshcompwid.1 zshcompsys.1 zshcontrib.1 zshexpn.1 zshmisc.1 zshmodules.1 zshoptions.1 zshparam.1 zshroadmap.1 zshtcpsys.1 zshzftpsys.1 zshzle.1 zshall.1; do \
	    test -s ../../zsh/Doc/$file || exit 1; \
	    /usr/bin/install -c -m 644 ../../zsh/Doc/$file /usr/local/share/man/man1/`echo $file | sed 's|zsh|zsh|'` || exit 1; \
	done
cd Doc && /Applications/Xcode.app/Contents/Developer/usr/bin/make prefix='/usr/local' exec_prefix='/usr/local' bindir='/bin' libdir='/usr/local/lib' MODDIR='/usr/local/lib/zsh/5.7.1' infodir='/usr/local/share/info' mandir='/usr/local/share/man' datadir='/usr/local/share' fndir='/usr/local/share/zsh/5.7.1/functions' htmldir='/usr/local/share/zsh/htmldoc' runhelpdir='/usr/local/share/zsh/5.7.1/help' CC='/Users/ariel/private-bin/clang' CPPFLAGS='-isystem/Users/ariel/git/darling/Developer/Platforms/MacOSX.platform/Developer/SDKs/MacOSX.sdk/usr/include -isystem/Users/ariel/arch/build/darling/Developer/Platforms/MacOSX.platform/Developer/SDKs/MacOSX.sdk/usr/include -isystem/Users/ariel/git/darling/framework-include -DDARLING -DUSE_GETCWD' DEFS='-DHAVE_CONFIG_H' CFLAGS='-arch x86_64 -arch i386 -no-cpp-precomp' LDFLAGS='-Wl,-x' EXTRA_LDFLAGS='-rdynamic' DLCFLAGS='-fno-common' DLLDFLAGS='-bundle -flat_namespace -undefined suppress' LIBLDFLAGS='' EXELDFLAGS='' LIBS='-liconv -ldl -ltermcap -lm  -lc' DL_EXT='so' DLLD='/Users/ariel/private-bin/clang' AWK='awk' ANSI2KNR=': ansi2knr' YODL=': yodl ' YODL2TXT=': yodl2txt' YODL2HTML=': yodl2html' FUNCTIONS_INSTALL='' tzsh='zsh' install.runhelp
rm -f help.txt help/*
perl ../../zsh/Util/helpfiles \
	    zshbuiltins.1 help help.txt \
	    || rm -f help.txt help/*
if test x"/usr/local/share/zsh/5.7.1/help" != x""; then \
	    /bin/sh ../../zsh/mkinstalldirs /usr/local/share/zsh/5.7.1/help; \
	    /usr/bin/install -c -m 644 ../../zsh/Doc/help/* /usr/local/share/zsh/5.7.1/help; \
	    while read from to; do \
	        rm -f /usr/local/share/zsh/5.7.1/help/$to || : ; \
	        ln -s $from /usr/local/share/zsh/5.7.1/help/$to; \
	    done < ../../zsh/Doc/help.txt; \
	fi
