cd .. && /bin/sh $top_srcdir/Src/mkmakemod.sh Src Makemod
creating Src/Makemod.in
config.status: creating Src/Makemod
awk -f ../../zsh/Src/signames1.awk  /Users/ariel/git/darling/Developer/Platforms/MacOSX.platform/Developer/SDKs/MacOSX.sdk/usr/include/sys/signal.h >sigtmp.c
case "`/Users/ariel/private-bin/clang -E --version </dev/null 2>&1`" in \
	*"Free Software Foundation"*) \
	/Users/ariel/private-bin/clang -E -isystem/Users/ariel/git/darling/Developer/Platforms/MacOSX.platform/Developer/SDKs/MacOSX.sdk/usr/include -isystem/Users/ariel/arch/build/darling/Developer/Platforms/MacOSX.platform/Developer/SDKs/MacOSX.sdk/usr/include -isystem/Users/ariel/git/darling/framework-include -DDARLING -DUSE_GETCWD -P sigtmp.c >sigtmp.out;; \
	*) \
	/Users/ariel/private-bin/clang -E -isystem/Users/ariel/git/darling/Developer/Platforms/MacOSX.platform/Developer/SDKs/MacOSX.sdk/usr/include -isystem/Users/ariel/arch/build/darling/Developer/Platforms/MacOSX.platform/Developer/SDKs/MacOSX.sdk/usr/include -isystem/Users/ariel/git/darling/framework-include -DDARLING -DUSE_GETCWD sigtmp.c >sigtmp.out;; \
	esac
awk -f ../../zsh/Src/signames2.awk sigtmp.out > signames.c
rm -f sigtmp.c sigtmp.out
grep 'define.*SIGCOUNT' signames.c > sigcount.h
Updated `zsh.mdh'.
echo 'timestamp for zsh.mdh against zsh.mdd' > zsh.mdhs
awk -f ../../zsh/Src/makepro.awk ../../zsh/Src/builtin.c Src > builtin.syms
(echo '/* Generated automatically */'; sed -n '/^E/{s/^E//;p;}' < builtin.syms) \
		> builtin.epro
(echo '/* Generated automatically */'; sed -n '/^L/{s/^L//;p;}' < builtin.syms) \
		> `echo builtin.epro | sed 's/\.epro$/.pro/'`
awk -f ../../zsh/Src/makepro.awk ../../zsh/Src/compat.c Src > compat.syms
(echo '/* Generated automatically */'; sed -n '/^E/{s/^E//;p;}' < compat.syms) \
		> compat.epro
(echo '/* Generated automatically */'; sed -n '/^L/{s/^L//;p;}' < compat.syms) \
		> `echo compat.epro | sed 's/\.epro$/.pro/'`
awk -f ../../zsh/Src/makepro.awk ../../zsh/Src/cond.c Src > cond.syms
(echo '/* Generated automatically */'; sed -n '/^E/{s/^E//;p;}' < cond.syms) \
		> cond.epro
(echo '/* Generated automatically */'; sed -n '/^L/{s/^L//;p;}' < cond.syms) \
		> `echo cond.epro | sed 's/\.epro$/.pro/'`
awk -f ../../zsh/Src/makepro.awk ../../zsh/Src/context.c Src > context.syms
(echo '/* Generated automatically */'; sed -n '/^E/{s/^E//;p;}' < context.syms) \
		> context.epro
(echo '/* Generated automatically */'; sed -n '/^L/{s/^L//;p;}' < context.syms) \
		> `echo context.epro | sed 's/\.epro$/.pro/'`
awk -f ../../zsh/Src/makepro.awk ../../zsh/Src/exec.c Src > exec.syms
(echo '/* Generated automatically */'; sed -n '/^E/{s/^E//;p;}' < exec.syms) \
		> exec.epro
(echo '/* Generated automatically */'; sed -n '/^L/{s/^L//;p;}' < exec.syms) \
		> `echo exec.epro | sed 's/\.epro$/.pro/'`
awk -f ../../zsh/Src/makepro.awk ../../zsh/Src/glob.c Src > glob.syms
(echo '/* Generated automatically */'; sed -n '/^E/{s/^E//;p;}' < glob.syms) \
		> glob.epro
(echo '/* Generated automatically */'; sed -n '/^L/{s/^L//;p;}' < glob.syms) \
		> `echo glob.epro | sed 's/\.epro$/.pro/'`
awk -f ../../zsh/Src/makepro.awk ../../zsh/Src/hashtable.c Src > hashtable.syms
(echo '/* Generated automatically */'; sed -n '/^E/{s/^E//;p;}' < hashtable.syms) \
		> hashtable.epro
(echo '/* Generated automatically */'; sed -n '/^L/{s/^L//;p;}' < hashtable.syms) \
		> `echo hashtable.epro | sed 's/\.epro$/.pro/'`
awk -f ../../zsh/Src/makepro.awk ../../zsh/Src/hashnameddir.c Src > hashnameddir.syms
(echo '/* Generated automatically */'; sed -n '/^E/{s/^E//;p;}' < hashnameddir.syms) \
		> hashnameddir.epro
(echo '/* Generated automatically */'; sed -n '/^L/{s/^L//;p;}' < hashnameddir.syms) \
		> `echo hashnameddir.epro | sed 's/\.epro$/.pro/'`
awk -f ../../zsh/Src/makepro.awk ../../zsh/Src/hist.c Src > hist.syms
(echo '/* Generated automatically */'; sed -n '/^E/{s/^E//;p;}' < hist.syms) \
		> hist.epro
(echo '/* Generated automatically */'; sed -n '/^L/{s/^L//;p;}' < hist.syms) \
		> `echo hist.epro | sed 's/\.epro$/.pro/'`
awk -f ../../zsh/Src/makepro.awk ../../zsh/Src/init.c Src > init.syms
(echo '/* Generated automatically */'; sed -n '/^E/{s/^E//;p;}' < init.syms) \
		> init.epro
(echo '/* Generated automatically */'; sed -n '/^L/{s/^L//;p;}' < init.syms) \
		> `echo init.epro | sed 's/\.epro$/.pro/'`
awk -f ../../zsh/Src/makepro.awk ../../zsh/Src/input.c Src > input.syms
(echo '/* Generated automatically */'; sed -n '/^E/{s/^E//;p;}' < input.syms) \
		> input.epro
(echo '/* Generated automatically */'; sed -n '/^L/{s/^L//;p;}' < input.syms) \
		> `echo input.epro | sed 's/\.epro$/.pro/'`
awk -f ../../zsh/Src/makepro.awk ../../zsh/Src/jobs.c Src > jobs.syms
(echo '/* Generated automatically */'; sed -n '/^E/{s/^E//;p;}' < jobs.syms) \
		> jobs.epro
(echo '/* Generated automatically */'; sed -n '/^L/{s/^L//;p;}' < jobs.syms) \
		> `echo jobs.epro | sed 's/\.epro$/.pro/'`
awk -f ../../zsh/Src/makepro.awk ../../zsh/Src/lex.c Src > lex.syms
(echo '/* Generated automatically */'; sed -n '/^E/{s/^E//;p;}' < lex.syms) \
		> lex.epro
(echo '/* Generated automatically */'; sed -n '/^L/{s/^L//;p;}' < lex.syms) \
		> `echo lex.epro | sed 's/\.epro$/.pro/'`
awk -f ../../zsh/Src/makepro.awk ../../zsh/Src/linklist.c Src > linklist.syms
(echo '/* Generated automatically */'; sed -n '/^E/{s/^E//;p;}' < linklist.syms) \
		> linklist.epro
(echo '/* Generated automatically */'; sed -n '/^L/{s/^L//;p;}' < linklist.syms) \
		> `echo linklist.epro | sed 's/\.epro$/.pro/'`
awk -f ../../zsh/Src/makepro.awk ../../zsh/Src/loop.c Src > loop.syms
(echo '/* Generated automatically */'; sed -n '/^E/{s/^E//;p;}' < loop.syms) \
		> loop.epro
(echo '/* Generated automatically */'; sed -n '/^L/{s/^L//;p;}' < loop.syms) \
		> `echo loop.epro | sed 's/\.epro$/.pro/'`
awk -f ../../zsh/Src/makepro.awk ../../zsh/Src/math.c Src > math.syms
(echo '/* Generated automatically */'; sed -n '/^E/{s/^E//;p;}' < math.syms) \
		> math.epro
(echo '/* Generated automatically */'; sed -n '/^L/{s/^L//;p;}' < math.syms) \
		> `echo math.epro | sed 's/\.epro$/.pro/'`
awk -f ../../zsh/Src/makepro.awk ../../zsh/Src/mem.c Src > mem.syms
(echo '/* Generated automatically */'; sed -n '/^E/{s/^E//;p;}' < mem.syms) \
		> mem.epro
(echo '/* Generated automatically */'; sed -n '/^L/{s/^L//;p;}' < mem.syms) \
		> `echo mem.epro | sed 's/\.epro$/.pro/'`
awk -f ../../zsh/Src/makepro.awk ../../zsh/Src/module.c Src > module.syms
(echo '/* Generated automatically */'; sed -n '/^E/{s/^E//;p;}' < module.syms) \
		> module.epro
(echo '/* Generated automatically */'; sed -n '/^L/{s/^L//;p;}' < module.syms) \
		> `echo module.epro | sed 's/\.epro$/.pro/'`
awk -f ../../zsh/Src/makepro.awk ../../zsh/Src/options.c Src > options.syms
(echo '/* Generated automatically */'; sed -n '/^E/{s/^E//;p;}' < options.syms) \
		> options.epro
(echo '/* Generated automatically */'; sed -n '/^L/{s/^L//;p;}' < options.syms) \
		> `echo options.epro | sed 's/\.epro$/.pro/'`
awk -f ../../zsh/Src/makepro.awk ../../zsh/Src/params.c Src > params.syms
(echo '/* Generated automatically */'; sed -n '/^E/{s/^E//;p;}' < params.syms) \
		> params.epro
(echo '/* Generated automatically */'; sed -n '/^L/{s/^L//;p;}' < params.syms) \
		> `echo params.epro | sed 's/\.epro$/.pro/'`
awk -f ../../zsh/Src/makepro.awk ../../zsh/Src/parse.c Src > parse.syms
(echo '/* Generated automatically */'; sed -n '/^E/{s/^E//;p;}' < parse.syms) \
		> parse.epro
(echo '/* Generated automatically */'; sed -n '/^L/{s/^L//;p;}' < parse.syms) \
		> `echo parse.epro | sed 's/\.epro$/.pro/'`
awk -f ../../zsh/Src/makepro.awk ../../zsh/Src/pattern.c Src > pattern.syms
(echo '/* Generated automatically */'; sed -n '/^E/{s/^E//;p;}' < pattern.syms) \
		> pattern.epro
(echo '/* Generated automatically */'; sed -n '/^L/{s/^L//;p;}' < pattern.syms) \
		> `echo pattern.epro | sed 's/\.epro$/.pro/'`
awk -f ../../zsh/Src/makepro.awk ../../zsh/Src/prompt.c Src > prompt.syms
(echo '/* Generated automatically */'; sed -n '/^E/{s/^E//;p;}' < prompt.syms) \
		> prompt.epro
(echo '/* Generated automatically */'; sed -n '/^L/{s/^L//;p;}' < prompt.syms) \
		> `echo prompt.epro | sed 's/\.epro$/.pro/'`
awk -f ../../zsh/Src/makepro.awk ../../zsh/Src/signals.c Src > signals.syms
(echo '/* Generated automatically */'; sed -n '/^E/{s/^E//;p;}' < signals.syms) \
		> signals.epro
(echo '/* Generated automatically */'; sed -n '/^L/{s/^L//;p;}' < signals.syms) \
		> `echo signals.epro | sed 's/\.epro$/.pro/'`
awk -f ../../zsh/Src/makepro.awk signames.c Src > signames.syms
(echo '/* Generated automatically */'; sed -n '/^E/{s/^E//;p;}' < signames.syms) \
		> signames.epro
(echo '/* Generated automatically */'; sed -n '/^L/{s/^L//;p;}' < signames.syms) \
		> `echo signames.epro | sed 's/\.epro$/.pro/'`
awk -f ../../zsh/Src/makepro.awk ../../zsh/Src/sort.c Src > sort.syms
(echo '/* Generated automatically */'; sed -n '/^E/{s/^E//;p;}' < sort.syms) \
		> sort.epro
(echo '/* Generated automatically */'; sed -n '/^L/{s/^L//;p;}' < sort.syms) \
		> `echo sort.epro | sed 's/\.epro$/.pro/'`
awk -f ../../zsh/Src/makepro.awk ../../zsh/Src/string.c Src > string.syms
(echo '/* Generated automatically */'; sed -n '/^E/{s/^E//;p;}' < string.syms) \
		> string.epro
(echo '/* Generated automatically */'; sed -n '/^L/{s/^L//;p;}' < string.syms) \
		> `echo string.epro | sed 's/\.epro$/.pro/'`
awk -f ../../zsh/Src/makepro.awk ../../zsh/Src/subst.c Src > subst.syms
(echo '/* Generated automatically */'; sed -n '/^E/{s/^E//;p;}' < subst.syms) \
		> subst.epro
(echo '/* Generated automatically */'; sed -n '/^L/{s/^L//;p;}' < subst.syms) \
		> `echo subst.epro | sed 's/\.epro$/.pro/'`
awk -f ../../zsh/Src/makepro.awk ../../zsh/Src/text.c Src > text.syms
(echo '/* Generated automatically */'; sed -n '/^E/{s/^E//;p;}' < text.syms) \
		> text.epro
(echo '/* Generated automatically */'; sed -n '/^L/{s/^L//;p;}' < text.syms) \
		> `echo text.epro | sed 's/\.epro$/.pro/'`
awk -f ../../zsh/Src/makepro.awk ../../zsh/Src/utils.c Src > utils.syms
(echo '/* Generated automatically */'; sed -n '/^E/{s/^E//;p;}' < utils.syms) \
		> utils.epro
(echo '/* Generated automatically */'; sed -n '/^L/{s/^L//;p;}' < utils.syms) \
		> `echo utils.epro | sed 's/\.epro$/.pro/'`
awk -f ../../zsh/Src/makepro.awk ../../zsh/Src/watch.c Src > watch.syms
(echo '/* Generated automatically */'; sed -n '/^E/{s/^E//;p;}' < watch.syms) \
		> watch.epro
(echo '/* Generated automatically */'; sed -n '/^L/{s/^L//;p;}' < watch.syms) \
		> `echo watch.epro | sed 's/\.epro$/.pro/'`
Updated `zsh.mdh'.
/Applications/Xcode.app/Contents/Developer/usr/bin/make -f Makemod prefix='/usr/local' exec_prefix='/usr/local' bindir='/bin' libdir='/usr/local/lib' MODDIR='/usr/local/lib/zsh/5.7.1' infodir='/usr/local/share/info' mandir='/usr/local/share/man' datadir='/usr/local/share' fndir='/usr/local/share/zsh/5.7.1/functions' htmldir='/usr/local/share/zsh/htmldoc' runhelpdir='/usr/local/share/zsh/5.7.1/help' CC='/Users/ariel/private-bin/clang' CPPFLAGS='-isystem/Users/ariel/git/darling/Developer/Platforms/MacOSX.platform/Developer/SDKs/MacOSX.sdk/usr/include -isystem/Users/ariel/arch/build/darling/Developer/Platforms/MacOSX.platform/Developer/SDKs/MacOSX.sdk/usr/include -isystem/Users/ariel/git/darling/framework-include -DDARLING -DUSE_GETCWD' DEFS='-DHAVE_CONFIG_H' CFLAGS='-arch x86_64 -arch i386 -no-cpp-precomp' LDFLAGS='-Wl,-x' EXTRA_LDFLAGS='-rdynamic' DLCFLAGS='-fno-common' DLLDFLAGS='-bundle -flat_namespace -undefined suppress' LIBLDFLAGS='' EXELDFLAGS='' LIBS='-liconv -ldl -ltermcap -lm  -lc' DL_EXT='so' DLLD='/Users/ariel/private-bin/clang' AWK='awk' ANSI2KNR=': ansi2knr' YODL=': yodl ' YODL2TXT=': yodl2txt' YODL2HTML=': yodl2html' FUNCTIONS_INSTALL='' tzsh='zsh' prep
creating Src/Builtins/Makefile.in
config.status: creating Src/Builtins/Makefile
creating Src/Modules/Makefile.in
config.status: creating Src/Modules/Makefile
creating Src/Zle/Makefile.in
config.status: creating Src/Zle/Makefile
echo 'timestamp for *.mdd files' > ../Src/modules.stamp
Updated `rlimits.mdh'.
echo 'timestamp for rlimits.mdh against rlimits.mdd' > rlimits.mdhs
awk -f ../../../zsh/Src/makepro.awk ../../../zsh/Src/Builtins/rlimits.c Src/Builtins > rlimits.syms
(echo '/* Generated automatically */'; sed -n '/^E/{s/^E//;p;}' < rlimits.syms) \
		> rlimits.epro
(echo '/* Generated automatically */'; sed -n '/^L/{s/^L//;p;}' < rlimits.syms) \
		> `echo rlimits.epro | sed 's/\.epro$/.pro/'`
Updated `rlimits.mdh'.
Updated `sched.mdh'.
echo 'timestamp for sched.mdh against sched.mdd' > sched.mdhs
awk -f ../../../zsh/Src/makepro.awk ../../../zsh/Src/Builtins/sched.c Src/Builtins > sched.syms
(echo '/* Generated automatically */'; sed -n '/^E/{s/^E//;p;}' < sched.syms) \
		> sched.epro
(echo '/* Generated automatically */'; sed -n '/^L/{s/^L//;p;}' < sched.syms) \
		> `echo sched.epro | sed 's/\.epro$/.pro/'`
Updated `sched.mdh'.
Updated `attr.mdh'.
echo 'timestamp for attr.mdh against attr.mdd' > attr.mdhs
awk -f ../../../zsh/Src/makepro.awk ../../../zsh/Src/Modules/attr.c Src/Modules > attr.syms
(echo '/* Generated automatically */'; sed -n '/^E/{s/^E//;p;}' < attr.syms) \
		> attr.epro
(echo '/* Generated automatically */'; sed -n '/^L/{s/^L//;p;}' < attr.syms) \
		> `echo attr.epro | sed 's/\.epro$/.pro/'`
Updated `attr.mdh'.
Updated `cap.mdh'.
echo 'timestamp for cap.mdh against cap.mdd' > cap.mdhs
awk -f ../../../zsh/Src/makepro.awk ../../../zsh/Src/Modules/cap.c Src/Modules > cap.syms
(echo '/* Generated automatically */'; sed -n '/^E/{s/^E//;p;}' < cap.syms) \
		> cap.epro
(echo '/* Generated automatically */'; sed -n '/^L/{s/^L//;p;}' < cap.syms) \
		> `echo cap.epro | sed 's/\.epro$/.pro/'`
Updated `cap.mdh'.
Updated `clone.mdh'.
echo 'timestamp for clone.mdh against clone.mdd' > clone.mdhs
awk -f ../../../zsh/Src/makepro.awk ../../../zsh/Src/Modules/clone.c Src/Modules > clone.syms
(echo '/* Generated automatically */'; sed -n '/^E/{s/^E//;p;}' < clone.syms) \
		> clone.epro
(echo '/* Generated automatically */'; sed -n '/^L/{s/^L//;p;}' < clone.syms) \
		> `echo clone.epro | sed 's/\.epro$/.pro/'`
Updated `clone.mdh'.
Updated `curses.mdh'.
echo 'timestamp for curses.mdh against curses.mdd' > curses.mdhs
awk -f ../../../zsh/Src/makepro.awk ../../../zsh/Src/Modules/curses.c Src/Modules > curses.syms
(echo '/* Generated automatically */'; sed -n '/^E/{s/^E//;p;}' < curses.syms) \
		> curses.epro
(echo '/* Generated automatically */'; sed -n '/^L/{s/^L//;p;}' < curses.syms) \
		> `echo curses.epro | sed 's/\.epro$/.pro/'`
Updated `curses.mdh'.
Updated `datetime.mdh'.
echo 'timestamp for datetime.mdh against datetime.mdd' > datetime.mdhs
awk -f ../../../zsh/Src/makepro.awk ../../../zsh/Src/Modules/datetime.c Src/Modules > datetime.syms
(echo '/* Generated automatically */'; sed -n '/^E/{s/^E//;p;}' < datetime.syms) \
		> datetime.epro
(echo '/* Generated automatically */'; sed -n '/^L/{s/^L//;p;}' < datetime.syms) \
		> `echo datetime.epro | sed 's/\.epro$/.pro/'`
Updated `datetime.mdh'.
Updated `example.mdh'.
echo 'timestamp for example.mdh against example.mdd' > example.mdhs
awk -f ../../../zsh/Src/makepro.awk ../../../zsh/Src/Modules/example.c Src/Modules > example.syms
(echo '/* Generated automatically */'; sed -n '/^E/{s/^E//;p;}' < example.syms) \
		> example.epro
(echo '/* Generated automatically */'; sed -n '/^L/{s/^L//;p;}' < example.syms) \
		> `echo example.epro | sed 's/\.epro$/.pro/'`
Updated `example.mdh'.
Updated `files.mdh'.
echo 'timestamp for files.mdh against files.mdd' > files.mdhs
awk -f ../../../zsh/Src/makepro.awk ../../../zsh/Src/Modules/files.c Src/Modules > files.syms
(echo '/* Generated automatically */'; sed -n '/^E/{s/^E//;p;}' < files.syms) \
		> files.epro
(echo '/* Generated automatically */'; sed -n '/^L/{s/^L//;p;}' < files.syms) \
		> `echo files.epro | sed 's/\.epro$/.pro/'`
Updated `files.mdh'.
Updated `langinfo.mdh'.
echo 'timestamp for langinfo.mdh against langinfo.mdd' > langinfo.mdhs
awk -f ../../../zsh/Src/makepro.awk ../../../zsh/Src/Modules/langinfo.c Src/Modules > langinfo.syms
(echo '/* Generated automatically */'; sed -n '/^E/{s/^E//;p;}' < langinfo.syms) \
		> langinfo.epro
(echo '/* Generated automatically */'; sed -n '/^L/{s/^L//;p;}' < langinfo.syms) \
		> `echo langinfo.epro | sed 's/\.epro$/.pro/'`
Updated `langinfo.mdh'.
Updated `mapfile.mdh'.
echo 'timestamp for mapfile.mdh against mapfile.mdd' > mapfile.mdhs
awk -f ../../../zsh/Src/makepro.awk ../../../zsh/Src/Modules/mapfile.c Src/Modules > mapfile.syms
(echo '/* Generated automatically */'; sed -n '/^E/{s/^E//;p;}' < mapfile.syms) \
		> mapfile.epro
(echo '/* Generated automatically */'; sed -n '/^L/{s/^L//;p;}' < mapfile.syms) \
		> `echo mapfile.epro | sed 's/\.epro$/.pro/'`
Updated `mapfile.mdh'.
Updated `mathfunc.mdh'.
echo 'timestamp for mathfunc.mdh against mathfunc.mdd' > mathfunc.mdhs
awk -f ../../../zsh/Src/makepro.awk ../../../zsh/Src/Modules/mathfunc.c Src/Modules > mathfunc.syms
(echo '/* Generated automatically */'; sed -n '/^E/{s/^E//;p;}' < mathfunc.syms) \
		> mathfunc.epro
(echo '/* Generated automatically */'; sed -n '/^L/{s/^L//;p;}' < mathfunc.syms) \
		> `echo mathfunc.epro | sed 's/\.epro$/.pro/'`
Updated `mathfunc.mdh'.
Updated `nearcolor.mdh'.
echo 'timestamp for nearcolor.mdh against nearcolor.mdd' > nearcolor.mdhs
awk -f ../../../zsh/Src/makepro.awk ../../../zsh/Src/Modules/nearcolor.c Src/Modules > nearcolor.syms
(echo '/* Generated automatically */'; sed -n '/^E/{s/^E//;p;}' < nearcolor.syms) \
		> nearcolor.epro
(echo '/* Generated automatically */'; sed -n '/^L/{s/^L//;p;}' < nearcolor.syms) \
		> `echo nearcolor.epro | sed 's/\.epro$/.pro/'`
Updated `nearcolor.mdh'.
Updated `newuser.mdh'.
echo 'timestamp for newuser.mdh against newuser.mdd' > newuser.mdhs
awk -f ../../../zsh/Src/makepro.awk ../../../zsh/Src/Modules/newuser.c Src/Modules > newuser.syms
(echo '/* Generated automatically */'; sed -n '/^E/{s/^E//;p;}' < newuser.syms) \
		> newuser.epro
(echo '/* Generated automatically */'; sed -n '/^L/{s/^L//;p;}' < newuser.syms) \
		> `echo newuser.epro | sed 's/\.epro$/.pro/'`
Updated `newuser.mdh'.
Updated `param_private.mdh'.
echo 'timestamp for param_private.mdh against param_private.mdd' > param_private.mdhs
awk -f ../../../zsh/Src/makepro.awk ../../../zsh/Src/Modules/param_private.c Src/Modules > param_private.syms
(echo '/* Generated automatically */'; sed -n '/^E/{s/^E//;p;}' < param_private.syms) \
		> param_private.epro
(echo '/* Generated automatically */'; sed -n '/^L/{s/^L//;p;}' < param_private.syms) \
		> `echo param_private.epro | sed 's/\.epro$/.pro/'`
Updated `param_private.mdh'.
Updated `parameter.mdh'.
echo 'timestamp for parameter.mdh against parameter.mdd' > parameter.mdhs
awk -f ../../../zsh/Src/makepro.awk ../../../zsh/Src/Modules/parameter.c Src/Modules > parameter.syms
(echo '/* Generated automatically */'; sed -n '/^E/{s/^E//;p;}' < parameter.syms) \
		> parameter.epro
(echo '/* Generated automatically */'; sed -n '/^L/{s/^L//;p;}' < parameter.syms) \
		> `echo parameter.epro | sed 's/\.epro$/.pro/'`
Updated `parameter.mdh'.
Updated `regex.mdh'.
echo 'timestamp for regex.mdh against regex.mdd' > regex.mdhs
awk -f ../../../zsh/Src/makepro.awk ../../../zsh/Src/Modules/regex.c Src/Modules > regex.syms
(echo '/* Generated automatically */'; sed -n '/^E/{s/^E//;p;}' < regex.syms) \
		> regex.epro
(echo '/* Generated automatically */'; sed -n '/^L/{s/^L//;p;}' < regex.syms) \
		> `echo regex.epro | sed 's/\.epro$/.pro/'`
Updated `regex.mdh'.
Updated `socket.mdh'.
echo 'timestamp for socket.mdh against socket.mdd' > socket.mdhs
awk -f ../../../zsh/Src/makepro.awk ../../../zsh/Src/Modules/socket.c Src/Modules > socket.syms
(echo '/* Generated automatically */'; sed -n '/^E/{s/^E//;p;}' < socket.syms) \
		> socket.epro
(echo '/* Generated automatically */'; sed -n '/^L/{s/^L//;p;}' < socket.syms) \
		> `echo socket.epro | sed 's/\.epro$/.pro/'`
Updated `socket.mdh'.
Updated `stat.mdh'.
echo 'timestamp for stat.mdh against stat.mdd' > stat.mdhs
awk -f ../../../zsh/Src/makepro.awk ../../../zsh/Src/Modules/stat.c Src/Modules > stat.syms
(echo '/* Generated automatically */'; sed -n '/^E/{s/^E//;p;}' < stat.syms) \
		> stat.epro
(echo '/* Generated automatically */'; sed -n '/^L/{s/^L//;p;}' < stat.syms) \
		> `echo stat.epro | sed 's/\.epro$/.pro/'`
Updated `stat.mdh'.
if [ x" /Users/ariel/git/darling/Developer/Platforms/MacOSX.platform/Developer/SDKs/MacOSX.sdk/usr/include/sys/errno.h" = x ]; then \
		touch errtmp.out; \
	   else \
		awk -f ../../../zsh/Src/Modules/errnames1.awk  /Users/ariel/git/darling/Developer/Platforms/MacOSX.platform/Developer/SDKs/MacOSX.sdk/usr/include/sys/errno.h >errtmp.c; \
		case "`/Users/ariel/private-bin/clang -E --version </dev/null 2>&1`" in \
		*"Free Software Foundation"*) \
		/Users/ariel/private-bin/clang -E -isystem/Users/ariel/git/darling/Developer/Platforms/MacOSX.platform/Developer/SDKs/MacOSX.sdk/usr/include -isystem/Users/ariel/arch/build/darling/Developer/Platforms/MacOSX.platform/Developer/SDKs/MacOSX.sdk/usr/include -isystem/Users/ariel/git/darling/framework-include -DDARLING -DUSE_GETCWD -P errtmp.c >errtmp.out;; \
		*) \
		/Users/ariel/private-bin/clang -E -isystem/Users/ariel/git/darling/Developer/Platforms/MacOSX.platform/Developer/SDKs/MacOSX.sdk/usr/include -isystem/Users/ariel/arch/build/darling/Developer/Platforms/MacOSX.platform/Developer/SDKs/MacOSX.sdk/usr/include -isystem/Users/ariel/git/darling/framework-include -DDARLING -DUSE_GETCWD errtmp.c >errtmp.out;; \
		esac; \
	   fi
awk -f ../../../zsh/Src/Modules/errnames2.awk errtmp.out > errnames.c
rm -f errtmp.c errtmp.out
grep 'define.*ERRCOUNT' errnames.c > errcount.h
Updated `system.mdh'.
echo 'timestamp for system.mdh against system.mdd' > system.mdhs
awk -f ../../../zsh/Src/makepro.awk ../../../zsh/Src/Modules/system.c Src/Modules > system.syms
(echo '/* Generated automatically */'; sed -n '/^E/{s/^E//;p;}' < system.syms) \
		> system.epro
(echo '/* Generated automatically */'; sed -n '/^L/{s/^L//;p;}' < system.syms) \
		> `echo system.epro | sed 's/\.epro$/.pro/'`
awk -f ../../../zsh/Src/makepro.awk errnames.c Src/Modules > errnames.syms
(echo '/* Generated automatically */'; sed -n '/^E/{s/^E//;p;}' < errnames.syms) \
		> errnames.epro
(echo '/* Generated automatically */'; sed -n '/^L/{s/^L//;p;}' < errnames.syms) \
		> `echo errnames.epro | sed 's/\.epro$/.pro/'`
Updated `system.mdh'.
Updated `tcp.mdh'.
echo 'timestamp for tcp.mdh against tcp.mdd' > tcp.mdhs
awk -f ../../../zsh/Src/makepro.awk ../../../zsh/Src/Modules/tcp.c Src/Modules > tcp.syms
(echo '/* Generated automatically */'; sed -n '/^E/{s/^E//;p;}' < tcp.syms) \
		> tcp.epro
(echo '/* Generated automatically */'; sed -n '/^L/{s/^L//;p;}' < tcp.syms) \
		> `echo tcp.epro | sed 's/\.epro$/.pro/'`
Updated `tcp.mdh'.
Updated `termcap.mdh'.
echo 'timestamp for termcap.mdh against termcap.mdd' > termcap.mdhs
awk -f ../../../zsh/Src/makepro.awk ../../../zsh/Src/Modules/termcap.c Src/Modules > termcap.syms
(echo '/* Generated automatically */'; sed -n '/^E/{s/^E//;p;}' < termcap.syms) \
		> termcap.epro
(echo '/* Generated automatically */'; sed -n '/^L/{s/^L//;p;}' < termcap.syms) \
		> `echo termcap.epro | sed 's/\.epro$/.pro/'`
Updated `termcap.mdh'.
Updated `terminfo.mdh'.
echo 'timestamp for terminfo.mdh against terminfo.mdd' > terminfo.mdhs
awk -f ../../../zsh/Src/makepro.awk ../../../zsh/Src/Modules/terminfo.c Src/Modules > terminfo.syms
(echo '/* Generated automatically */'; sed -n '/^E/{s/^E//;p;}' < terminfo.syms) \
		> terminfo.epro
(echo '/* Generated automatically */'; sed -n '/^L/{s/^L//;p;}' < terminfo.syms) \
		> `echo terminfo.epro | sed 's/\.epro$/.pro/'`
Updated `terminfo.mdh'.
Updated `zftp.mdh'.
echo 'timestamp for zftp.mdh against zftp.mdd' > zftp.mdhs
awk -f ../../../zsh/Src/makepro.awk ../../../zsh/Src/Modules/zftp.c Src/Modules > zftp.syms
(echo '/* Generated automatically */'; sed -n '/^E/{s/^E//;p;}' < zftp.syms) \
		> zftp.epro
(echo '/* Generated automatically */'; sed -n '/^L/{s/^L//;p;}' < zftp.syms) \
		> `echo zftp.epro | sed 's/\.epro$/.pro/'`
Updated `zftp.mdh'.
Updated `zprof.mdh'.
echo 'timestamp for zprof.mdh against zprof.mdd' > zprof.mdhs
awk -f ../../../zsh/Src/makepro.awk ../../../zsh/Src/Modules/zprof.c Src/Modules > zprof.syms
(echo '/* Generated automatically */'; sed -n '/^E/{s/^E//;p;}' < zprof.syms) \
		> zprof.epro
(echo '/* Generated automatically */'; sed -n '/^L/{s/^L//;p;}' < zprof.syms) \
		> `echo zprof.epro | sed 's/\.epro$/.pro/'`
Updated `zprof.mdh'.
Updated `zpty.mdh'.
echo 'timestamp for zpty.mdh against zpty.mdd' > zpty.mdhs
awk -f ../../../zsh/Src/makepro.awk ../../../zsh/Src/Modules/zpty.c Src/Modules > zpty.syms
(echo '/* Generated automatically */'; sed -n '/^E/{s/^E//;p;}' < zpty.syms) \
		> zpty.epro
(echo '/* Generated automatically */'; sed -n '/^L/{s/^L//;p;}' < zpty.syms) \
		> `echo zpty.epro | sed 's/\.epro$/.pro/'`
Updated `zpty.mdh'.
Updated `zselect.mdh'.
echo 'timestamp for zselect.mdh against zselect.mdd' > zselect.mdhs
awk -f ../../../zsh/Src/makepro.awk ../../../zsh/Src/Modules/zselect.c Src/Modules > zselect.syms
(echo '/* Generated automatically */'; sed -n '/^E/{s/^E//;p;}' < zselect.syms) \
		> zselect.epro
(echo '/* Generated automatically */'; sed -n '/^L/{s/^L//;p;}' < zselect.syms) \
		> `echo zselect.epro | sed 's/\.epro$/.pro/'`
Updated `zselect.mdh'.
( \
	    echo '/** thingies.list                            **/'; \
	    echo '/** thingy structures for the known thingies **/'; \
	    echo; \
	    echo '/* format: T("name", TH_FLAGS, w_widget, t_nextthingy) */'; \
	    echo; \
	    sed -e 's/#.*//; /^$/d; s/" *,.*/"/' \
		-e 's/^"/T("/; s/$/, 0,/; h' \
		-e 's/-//g; s/^.*"\(.*\)".*/w_\1, t_D\1)/' \
		-e 'H; g; s/\n/ /' \
		< ../../../zsh/Src/Zle/iwidgets.list; \
	    sed -e 's/#.*//; /^$/d; s/" *,.*/"/' \
		-e 's/^"/T("./; s/$/, TH_IMMORTAL,/; h' \
		-e 's/-//g; s/^.*"\.\(.*\)".*/w_\1, t_\1)/' \
		-e 'H; g; s/\n/ /' \
		< ../../../zsh/Src/Zle/iwidgets.list; \
	) > thingies.list
( \
	    echo '/** zle_things.h                              **/'; \
	    echo '/** indices of and pointers to known thingies **/'; \
	    echo; \
	    echo 'enum {'; \
	    sed -n -f ../../../zsh/Src/Zle/zle_things.sed < thingies.list; \
	    echo '    ZLE_BUILTIN_THINGY_COUNT'; \
	    echo '};'; \
	) > zle_things.h
Updated `zle.mdh'.
echo 'timestamp for zle.mdh against zle.mdd' > zle.mdhs
awk -f ../../../zsh/Src/makepro.awk ../../../zsh/Src/Zle/zle_bindings.c Src/Zle > zle_bindings.syms
(echo '/* Generated automatically */'; sed -n '/^E/{s/^E//;p;}' < zle_bindings.syms) \
		> zle_bindings.epro
(echo '/* Generated automatically */'; sed -n '/^L/{s/^L//;p;}' < zle_bindings.syms) \
		> `echo zle_bindings.epro | sed 's/\.epro$/.pro/'`
awk -f ../../../zsh/Src/makepro.awk ../../../zsh/Src/Zle/zle_hist.c Src/Zle > zle_hist.syms
(echo '/* Generated automatically */'; sed -n '/^E/{s/^E//;p;}' < zle_hist.syms) \
		> zle_hist.epro
(echo '/* Generated automatically */'; sed -n '/^L/{s/^L//;p;}' < zle_hist.syms) \
		> `echo zle_hist.epro | sed 's/\.epro$/.pro/'`
awk -f ../../../zsh/Src/makepro.awk ../../../zsh/Src/Zle/zle_keymap.c Src/Zle > zle_keymap.syms
(echo '/* Generated automatically */'; sed -n '/^E/{s/^E//;p;}' < zle_keymap.syms) \
		> zle_keymap.epro
(echo '/* Generated automatically */'; sed -n '/^L/{s/^L//;p;}' < zle_keymap.syms) \
		> `echo zle_keymap.epro | sed 's/\.epro$/.pro/'`
awk -f ../../../zsh/Src/makepro.awk ../../../zsh/Src/Zle/zle_main.c Src/Zle > zle_main.syms
(echo '/* Generated automatically */'; sed -n '/^E/{s/^E//;p;}' < zle_main.syms) \
		> zle_main.epro
(echo '/* Generated automatically */'; sed -n '/^L/{s/^L//;p;}' < zle_main.syms) \
		> `echo zle_main.epro | sed 's/\.epro$/.pro/'`
awk -f ../../../zsh/Src/makepro.awk ../../../zsh/Src/Zle/zle_misc.c Src/Zle > zle_misc.syms
(echo '/* Generated automatically */'; sed -n '/^E/{s/^E//;p;}' < zle_misc.syms) \
		> zle_misc.epro
(echo '/* Generated automatically */'; sed -n '/^L/{s/^L//;p;}' < zle_misc.syms) \
		> `echo zle_misc.epro | sed 's/\.epro$/.pro/'`
awk -f ../../../zsh/Src/makepro.awk ../../../zsh/Src/Zle/zle_move.c Src/Zle > zle_move.syms
(echo '/* Generated automatically */'; sed -n '/^E/{s/^E//;p;}' < zle_move.syms) \
		> zle_move.epro
(echo '/* Generated automatically */'; sed -n '/^L/{s/^L//;p;}' < zle_move.syms) \
		> `echo zle_move.epro | sed 's/\.epro$/.pro/'`
awk -f ../../../zsh/Src/makepro.awk ../../../zsh/Src/Zle/zle_params.c Src/Zle > zle_params.syms
(echo '/* Generated automatically */'; sed -n '/^E/{s/^E//;p;}' < zle_params.syms) \
		> zle_params.epro
(echo '/* Generated automatically */'; sed -n '/^L/{s/^L//;p;}' < zle_params.syms) \
		> `echo zle_params.epro | sed 's/\.epro$/.pro/'`
awk -f ../../../zsh/Src/makepro.awk ../../../zsh/Src/Zle/zle_refresh.c Src/Zle > zle_refresh.syms
(echo '/* Generated automatically */'; sed -n '/^E/{s/^E//;p;}' < zle_refresh.syms) \
		> zle_refresh.epro
(echo '/* Generated automatically */'; sed -n '/^L/{s/^L//;p;}' < zle_refresh.syms) \
		> `echo zle_refresh.epro | sed 's/\.epro$/.pro/'`
awk -f ../../../zsh/Src/makepro.awk ../../../zsh/Src/Zle/zle_thingy.c Src/Zle > zle_thingy.syms
(echo '/* Generated automatically */'; sed -n '/^E/{s/^E//;p;}' < zle_thingy.syms) \
		> zle_thingy.epro
(echo '/* Generated automatically */'; sed -n '/^L/{s/^L//;p;}' < zle_thingy.syms) \
		> `echo zle_thingy.epro | sed 's/\.epro$/.pro/'`
awk -f ../../../zsh/Src/makepro.awk ../../../zsh/Src/Zle/zle_tricky.c Src/Zle > zle_tricky.syms
(echo '/* Generated automatically */'; sed -n '/^E/{s/^E//;p;}' < zle_tricky.syms) \
		> zle_tricky.epro
(echo '/* Generated automatically */'; sed -n '/^L/{s/^L//;p;}' < zle_tricky.syms) \
		> `echo zle_tricky.epro | sed 's/\.epro$/.pro/'`
awk -f ../../../zsh/Src/makepro.awk ../../../zsh/Src/Zle/zle_utils.c Src/Zle > zle_utils.syms
(echo '/* Generated automatically */'; sed -n '/^E/{s/^E//;p;}' < zle_utils.syms) \
		> zle_utils.epro
(echo '/* Generated automatically */'; sed -n '/^L/{s/^L//;p;}' < zle_utils.syms) \
		> `echo zle_utils.epro | sed 's/\.epro$/.pro/'`
awk -f ../../../zsh/Src/makepro.awk ../../../zsh/Src/Zle/zle_vi.c Src/Zle > zle_vi.syms
(echo '/* Generated automatically */'; sed -n '/^E/{s/^E//;p;}' < zle_vi.syms) \
		> zle_vi.epro
(echo '/* Generated automatically */'; sed -n '/^L/{s/^L//;p;}' < zle_vi.syms) \
		> `echo zle_vi.epro | sed 's/\.epro$/.pro/'`
awk -f ../../../zsh/Src/makepro.awk ../../../zsh/Src/Zle/zle_word.c Src/Zle > zle_word.syms
(echo '/* Generated automatically */'; sed -n '/^E/{s/^E//;p;}' < zle_word.syms) \
		> zle_word.epro
(echo '/* Generated automatically */'; sed -n '/^L/{s/^L//;p;}' < zle_word.syms) \
		> `echo zle_word.epro | sed 's/\.epro$/.pro/'`
awk -f ../../../zsh/Src/makepro.awk ../../../zsh/Src/Zle/textobjects.c Src/Zle > textobjects.syms
(echo '/* Generated automatically */'; sed -n '/^E/{s/^E//;p;}' < textobjects.syms) \
		> textobjects.epro
(echo '/* Generated automatically */'; sed -n '/^L/{s/^L//;p;}' < textobjects.syms) \
		> `echo textobjects.epro | sed 's/\.epro$/.pro/'`
Updated `zle.mdh'.
Updated `complete.mdh'.
echo 'timestamp for complete.mdh against complete.mdd' > complete.mdhs
awk -f ../../../zsh/Src/makepro.awk ../../../zsh/Src/Zle/complete.c Src/Zle > complete.syms
(echo '/* Generated automatically */'; sed -n '/^E/{s/^E//;p;}' < complete.syms) \
		> complete.epro
(echo '/* Generated automatically */'; sed -n '/^L/{s/^L//;p;}' < complete.syms) \
		> `echo complete.epro | sed 's/\.epro$/.pro/'`
awk -f ../../../zsh/Src/makepro.awk ../../../zsh/Src/Zle/compcore.c Src/Zle > compcore.syms
(echo '/* Generated automatically */'; sed -n '/^E/{s/^E//;p;}' < compcore.syms) \
		> compcore.epro
(echo '/* Generated automatically */'; sed -n '/^L/{s/^L//;p;}' < compcore.syms) \
		> `echo compcore.epro | sed 's/\.epro$/.pro/'`
awk -f ../../../zsh/Src/makepro.awk ../../../zsh/Src/Zle/compmatch.c Src/Zle > compmatch.syms
(echo '/* Generated automatically */'; sed -n '/^E/{s/^E//;p;}' < compmatch.syms) \
		> compmatch.epro
(echo '/* Generated automatically */'; sed -n '/^L/{s/^L//;p;}' < compmatch.syms) \
		> `echo compmatch.epro | sed 's/\.epro$/.pro/'`
awk -f ../../../zsh/Src/makepro.awk ../../../zsh/Src/Zle/compresult.c Src/Zle > compresult.syms
(echo '/* Generated automatically */'; sed -n '/^E/{s/^E//;p;}' < compresult.syms) \
		> compresult.epro
(echo '/* Generated automatically */'; sed -n '/^L/{s/^L//;p;}' < compresult.syms) \
		> `echo compresult.epro | sed 's/\.epro$/.pro/'`
Updated `complete.mdh'.
Updated `zutil.mdh'.
echo 'timestamp for zutil.mdh against zutil.mdd' > zutil.mdhs
awk -f ../../../zsh/Src/makepro.awk ../../../zsh/Src/Modules/zutil.c Src/Modules > zutil.syms
(echo '/* Generated automatically */'; sed -n '/^E/{s/^E//;p;}' < zutil.syms) \
		> zutil.epro
(echo '/* Generated automatically */'; sed -n '/^L/{s/^L//;p;}' < zutil.syms) \
		> `echo zutil.epro | sed 's/\.epro$/.pro/'`
Updated `zutil.mdh'.
Updated `compctl.mdh'.
echo 'timestamp for compctl.mdh against compctl.mdd' > compctl.mdhs
awk -f ../../../zsh/Src/makepro.awk ../../../zsh/Src/Zle/compctl.c Src/Zle > compctl.syms
(echo '/* Generated automatically */'; sed -n '/^E/{s/^E//;p;}' < compctl.syms) \
		> compctl.epro
(echo '/* Generated automatically */'; sed -n '/^L/{s/^L//;p;}' < compctl.syms) \
		> `echo compctl.epro | sed 's/\.epro$/.pro/'`
Updated `compctl.mdh'.
Updated `complist.mdh'.
echo 'timestamp for complist.mdh against complist.mdd' > complist.mdhs
awk -f ../../../zsh/Src/makepro.awk ../../../zsh/Src/Zle/complist.c Src/Zle > complist.syms
(echo '/* Generated automatically */'; sed -n '/^E/{s/^E//;p;}' < complist.syms) \
		> complist.epro
(echo '/* Generated automatically */'; sed -n '/^L/{s/^L//;p;}' < complist.syms) \
		> `echo complist.epro | sed 's/\.epro$/.pro/'`
Updated `complist.mdh'.
Updated `computil.mdh'.
echo 'timestamp for computil.mdh against computil.mdd' > computil.mdhs
awk -f ../../../zsh/Src/makepro.awk ../../../zsh/Src/Zle/computil.c Src/Zle > computil.syms
(echo '/* Generated automatically */'; sed -n '/^E/{s/^E//;p;}' < computil.syms) \
		> computil.epro
(echo '/* Generated automatically */'; sed -n '/^L/{s/^L//;p;}' < computil.syms) \
		> `echo computil.epro | sed 's/\.epro$/.pro/'`
Updated `computil.mdh'.
Updated `deltochar.mdh'.
echo 'timestamp for deltochar.mdh against deltochar.mdd' > deltochar.mdhs
awk -f ../../../zsh/Src/makepro.awk ../../../zsh/Src/Zle/deltochar.c Src/Zle > deltochar.syms
(echo '/* Generated automatically */'; sed -n '/^E/{s/^E//;p;}' < deltochar.syms) \
		> deltochar.epro
(echo '/* Generated automatically */'; sed -n '/^L/{s/^L//;p;}' < deltochar.syms) \
		> `echo deltochar.epro | sed 's/\.epro$/.pro/'`
Updated `deltochar.mdh'.
Updated `zleparameter.mdh'.
echo 'timestamp for zleparameter.mdh against zleparameter.mdd' > zleparameter.mdhs
awk -f ../../../zsh/Src/makepro.awk ../../../zsh/Src/Zle/zleparameter.c Src/Zle > zleparameter.syms
(echo '/* Generated automatically */'; sed -n '/^E/{s/^E//;p;}' < zleparameter.syms) \
		> zleparameter.epro
(echo '/* Generated automatically */'; sed -n '/^L/{s/^L//;p;}' < zleparameter.syms) \
		> `echo zleparameter.epro | sed 's/\.epro$/.pro/'`
Updated `zleparameter.mdh'.
rm -f stamp-modobjs.tmp
/Users/ariel/private-bin/clang -c -I. -I../Src -I../../zsh/Src -I../../zsh/Src/Zle -I../../zsh/Src -isystem/Users/ariel/git/darling/Developer/Platforms/MacOSX.platform/Developer/SDKs/MacOSX.sdk/usr/include -isystem/Users/ariel/arch/build/darling/Developer/Platforms/MacOSX.platform/Developer/SDKs/MacOSX.sdk/usr/include -isystem/Users/ariel/git/darling/framework-include -DDARLING -DUSE_GETCWD -DHAVE_CONFIG_H -arch x86_64 -arch i386 -no-cpp-precomp  -o builtin.o ../../zsh/Src/builtin.c
/Users/ariel/private-bin/clang -c -I. -I../Src -I../../zsh/Src -I../../zsh/Src/Zle -I../../zsh/Src -isystem/Users/ariel/git/darling/Developer/Platforms/MacOSX.platform/Developer/SDKs/MacOSX.sdk/usr/include -isystem/Users/ariel/arch/build/darling/Developer/Platforms/MacOSX.platform/Developer/SDKs/MacOSX.sdk/usr/include -isystem/Users/ariel/git/darling/framework-include -DDARLING -DUSE_GETCWD -DHAVE_CONFIG_H -arch x86_64 -arch i386 -no-cpp-precomp  -o compat.o ../../zsh/Src/compat.c
/Users/ariel/private-bin/clang -c -I. -I../Src -I../../zsh/Src -I../../zsh/Src/Zle -I../../zsh/Src -isystem/Users/ariel/git/darling/Developer/Platforms/MacOSX.platform/Developer/SDKs/MacOSX.sdk/usr/include -isystem/Users/ariel/arch/build/darling/Developer/Platforms/MacOSX.platform/Developer/SDKs/MacOSX.sdk/usr/include -isystem/Users/ariel/git/darling/framework-include -DDARLING -DUSE_GETCWD -DHAVE_CONFIG_H -arch x86_64 -arch i386 -no-cpp-precomp  -o cond.o ../../zsh/Src/cond.c
/Users/ariel/private-bin/clang -c -I. -I../Src -I../../zsh/Src -I../../zsh/Src/Zle -I../../zsh/Src -isystem/Users/ariel/git/darling/Developer/Platforms/MacOSX.platform/Developer/SDKs/MacOSX.sdk/usr/include -isystem/Users/ariel/arch/build/darling/Developer/Platforms/MacOSX.platform/Developer/SDKs/MacOSX.sdk/usr/include -isystem/Users/ariel/git/darling/framework-include -DDARLING -DUSE_GETCWD -DHAVE_CONFIG_H -arch x86_64 -arch i386 -no-cpp-precomp  -o context.o ../../zsh/Src/context.c
/Users/ariel/private-bin/clang -c -I. -I../Src -I../../zsh/Src -I../../zsh/Src/Zle -I../../zsh/Src -isystem/Users/ariel/git/darling/Developer/Platforms/MacOSX.platform/Developer/SDKs/MacOSX.sdk/usr/include -isystem/Users/ariel/arch/build/darling/Developer/Platforms/MacOSX.platform/Developer/SDKs/MacOSX.sdk/usr/include -isystem/Users/ariel/git/darling/framework-include -DDARLING -DUSE_GETCWD -DHAVE_CONFIG_H -arch x86_64 -arch i386 -no-cpp-precomp  -o exec.o ../../zsh/Src/exec.c
/Users/ariel/private-bin/clang -c -I. -I../Src -I../../zsh/Src -I../../zsh/Src/Zle -I../../zsh/Src -isystem/Users/ariel/git/darling/Developer/Platforms/MacOSX.platform/Developer/SDKs/MacOSX.sdk/usr/include -isystem/Users/ariel/arch/build/darling/Developer/Platforms/MacOSX.platform/Developer/SDKs/MacOSX.sdk/usr/include -isystem/Users/ariel/git/darling/framework-include -DDARLING -DUSE_GETCWD -DHAVE_CONFIG_H -arch x86_64 -arch i386 -no-cpp-precomp  -o glob.o ../../zsh/Src/glob.c
/Users/ariel/private-bin/clang -c -I. -I../Src -I../../zsh/Src -I../../zsh/Src/Zle -I../../zsh/Src -isystem/Users/ariel/git/darling/Developer/Platforms/MacOSX.platform/Developer/SDKs/MacOSX.sdk/usr/include -isystem/Users/ariel/arch/build/darling/Developer/Platforms/MacOSX.platform/Developer/SDKs/MacOSX.sdk/usr/include -isystem/Users/ariel/git/darling/framework-include -DDARLING -DUSE_GETCWD -DHAVE_CONFIG_H -arch x86_64 -arch i386 -no-cpp-precomp  -o hashtable.o ../../zsh/Src/hashtable.c
/Users/ariel/private-bin/clang -c -I. -I../Src -I../../zsh/Src -I../../zsh/Src/Zle -I../../zsh/Src -isystem/Users/ariel/git/darling/Developer/Platforms/MacOSX.platform/Developer/SDKs/MacOSX.sdk/usr/include -isystem/Users/ariel/arch/build/darling/Developer/Platforms/MacOSX.platform/Developer/SDKs/MacOSX.sdk/usr/include -isystem/Users/ariel/git/darling/framework-include -DDARLING -DUSE_GETCWD -DHAVE_CONFIG_H -arch x86_64 -arch i386 -no-cpp-precomp  -o hashnameddir.o ../../zsh/Src/hashnameddir.c
/Users/ariel/private-bin/clang -c -I. -I../Src -I../../zsh/Src -I../../zsh/Src/Zle -I../../zsh/Src -isystem/Users/ariel/git/darling/Developer/Platforms/MacOSX.platform/Developer/SDKs/MacOSX.sdk/usr/include -isystem/Users/ariel/arch/build/darling/Developer/Platforms/MacOSX.platform/Developer/SDKs/MacOSX.sdk/usr/include -isystem/Users/ariel/git/darling/framework-include -DDARLING -DUSE_GETCWD -DHAVE_CONFIG_H -arch x86_64 -arch i386 -no-cpp-precomp  -o hist.o ../../zsh/Src/hist.c
srcdir='../../zsh/Src' CFMOD='../config.modules' \
	  /bin/sh ../../zsh/Src/mkbltnmlst.sh bltinmods.list
Updated `zshpaths.h'.
Creating `zshxmods.h'.
echo '#define ZSH_VERSION "'5.7.1'"' > version.h
/Users/ariel/private-bin/clang -c -I. -I../Src -I../../zsh/Src -I../../zsh/Src/Zle -I../../zsh/Src -isystem/Users/ariel/git/darling/Developer/Platforms/MacOSX.platform/Developer/SDKs/MacOSX.sdk/usr/include -isystem/Users/ariel/arch/build/darling/Developer/Platforms/MacOSX.platform/Developer/SDKs/MacOSX.sdk/usr/include -isystem/Users/ariel/git/darling/framework-include -DDARLING -DUSE_GETCWD -DHAVE_CONFIG_H -arch x86_64 -arch i386 -no-cpp-precomp  -o init.o ../../zsh/Src/init.c
/Users/ariel/private-bin/clang -c -I. -I../Src -I../../zsh/Src -I../../zsh/Src/Zle -I../../zsh/Src -isystem/Users/ariel/git/darling/Developer/Platforms/MacOSX.platform/Developer/SDKs/MacOSX.sdk/usr/include -isystem/Users/ariel/arch/build/darling/Developer/Platforms/MacOSX.platform/Developer/SDKs/MacOSX.sdk/usr/include -isystem/Users/ariel/git/darling/framework-include -DDARLING -DUSE_GETCWD -DHAVE_CONFIG_H -arch x86_64 -arch i386 -no-cpp-precomp  -o input.o ../../zsh/Src/input.c
/Users/ariel/private-bin/clang -c -I. -I../Src -I../../zsh/Src -I../../zsh/Src/Zle -I../../zsh/Src -isystem/Users/ariel/git/darling/Developer/Platforms/MacOSX.platform/Developer/SDKs/MacOSX.sdk/usr/include -isystem/Users/ariel/arch/build/darling/Developer/Platforms/MacOSX.platform/Developer/SDKs/MacOSX.sdk/usr/include -isystem/Users/ariel/git/darling/framework-include -DDARLING -DUSE_GETCWD -DHAVE_CONFIG_H -arch x86_64 -arch i386 -no-cpp-precomp  -o jobs.o ../../zsh/Src/jobs.c
/Users/ariel/private-bin/clang -c -I. -I../Src -I../../zsh/Src -I../../zsh/Src/Zle -I../../zsh/Src -isystem/Users/ariel/git/darling/Developer/Platforms/MacOSX.platform/Developer/SDKs/MacOSX.sdk/usr/include -isystem/Users/ariel/arch/build/darling/Developer/Platforms/MacOSX.platform/Developer/SDKs/MacOSX.sdk/usr/include -isystem/Users/ariel/git/darling/framework-include -DDARLING -DUSE_GETCWD -DHAVE_CONFIG_H -arch x86_64 -arch i386 -no-cpp-precomp  -o lex.o ../../zsh/Src/lex.c
/Users/ariel/private-bin/clang -c -I. -I../Src -I../../zsh/Src -I../../zsh/Src/Zle -I../../zsh/Src -isystem/Users/ariel/git/darling/Developer/Platforms/MacOSX.platform/Developer/SDKs/MacOSX.sdk/usr/include -isystem/Users/ariel/arch/build/darling/Developer/Platforms/MacOSX.platform/Developer/SDKs/MacOSX.sdk/usr/include -isystem/Users/ariel/git/darling/framework-include -DDARLING -DUSE_GETCWD -DHAVE_CONFIG_H -arch x86_64 -arch i386 -no-cpp-precomp  -o linklist.o ../../zsh/Src/linklist.c
/Users/ariel/private-bin/clang -c -I. -I../Src -I../../zsh/Src -I../../zsh/Src/Zle -I../../zsh/Src -isystem/Users/ariel/git/darling/Developer/Platforms/MacOSX.platform/Developer/SDKs/MacOSX.sdk/usr/include -isystem/Users/ariel/arch/build/darling/Developer/Platforms/MacOSX.platform/Developer/SDKs/MacOSX.sdk/usr/include -isystem/Users/ariel/git/darling/framework-include -DDARLING -DUSE_GETCWD -DHAVE_CONFIG_H -arch x86_64 -arch i386 -no-cpp-precomp  -o loop.o ../../zsh/Src/loop.c
/Users/ariel/private-bin/clang -c -I. -I../Src -I../../zsh/Src -I../../zsh/Src/Zle -I../../zsh/Src -isystem/Users/ariel/git/darling/Developer/Platforms/MacOSX.platform/Developer/SDKs/MacOSX.sdk/usr/include -isystem/Users/ariel/arch/build/darling/Developer/Platforms/MacOSX.platform/Developer/SDKs/MacOSX.sdk/usr/include -isystem/Users/ariel/git/darling/framework-include -DDARLING -DUSE_GETCWD -DHAVE_CONFIG_H -arch x86_64 -arch i386 -no-cpp-precomp  -o math.o ../../zsh/Src/math.c
/Users/ariel/private-bin/clang -c -I. -I../Src -I../../zsh/Src -I../../zsh/Src/Zle -I../../zsh/Src -isystem/Users/ariel/git/darling/Developer/Platforms/MacOSX.platform/Developer/SDKs/MacOSX.sdk/usr/include -isystem/Users/ariel/arch/build/darling/Developer/Platforms/MacOSX.platform/Developer/SDKs/MacOSX.sdk/usr/include -isystem/Users/ariel/git/darling/framework-include -DDARLING -DUSE_GETCWD -DHAVE_CONFIG_H -arch x86_64 -arch i386 -no-cpp-precomp  -o mem.o ../../zsh/Src/mem.c
/Users/ariel/private-bin/clang -c -I. -I../Src -I../../zsh/Src -I../../zsh/Src/Zle -I../../zsh/Src -isystem/Users/ariel/git/darling/Developer/Platforms/MacOSX.platform/Developer/SDKs/MacOSX.sdk/usr/include -isystem/Users/ariel/arch/build/darling/Developer/Platforms/MacOSX.platform/Developer/SDKs/MacOSX.sdk/usr/include -isystem/Users/ariel/git/darling/framework-include -DDARLING -DUSE_GETCWD -DHAVE_CONFIG_H -arch x86_64 -arch i386 -no-cpp-precomp  -o module.o ../../zsh/Src/module.c
/Users/ariel/private-bin/clang -c -I. -I../Src -I../../zsh/Src -I../../zsh/Src/Zle -I../../zsh/Src -isystem/Users/ariel/git/darling/Developer/Platforms/MacOSX.platform/Developer/SDKs/MacOSX.sdk/usr/include -isystem/Users/ariel/arch/build/darling/Developer/Platforms/MacOSX.platform/Developer/SDKs/MacOSX.sdk/usr/include -isystem/Users/ariel/git/darling/framework-include -DDARLING -DUSE_GETCWD -DHAVE_CONFIG_H -arch x86_64 -arch i386 -no-cpp-precomp  -o options.o ../../zsh/Src/options.c
/Users/ariel/private-bin/clang -c -I. -I../Src -I../../zsh/Src -I../../zsh/Src/Zle -I../../zsh/Src -isystem/Users/ariel/git/darling/Developer/Platforms/MacOSX.platform/Developer/SDKs/MacOSX.sdk/usr/include -isystem/Users/ariel/arch/build/darling/Developer/Platforms/MacOSX.platform/Developer/SDKs/MacOSX.sdk/usr/include -isystem/Users/ariel/git/darling/framework-include -DDARLING -DUSE_GETCWD -DHAVE_CONFIG_H -arch x86_64 -arch i386 -no-cpp-precomp  -o params.o ../../zsh/Src/params.c
/Users/ariel/private-bin/clang -c -I. -I../Src -I../../zsh/Src -I../../zsh/Src/Zle -I../../zsh/Src -isystem/Users/ariel/git/darling/Developer/Platforms/MacOSX.platform/Developer/SDKs/MacOSX.sdk/usr/include -isystem/Users/ariel/arch/build/darling/Developer/Platforms/MacOSX.platform/Developer/SDKs/MacOSX.sdk/usr/include -isystem/Users/ariel/git/darling/framework-include -DDARLING -DUSE_GETCWD -DHAVE_CONFIG_H -arch x86_64 -arch i386 -no-cpp-precomp  -o parse.o ../../zsh/Src/parse.c
/Users/ariel/private-bin/clang -c -I. -I../Src -I../../zsh/Src -I../../zsh/Src/Zle -I../../zsh/Src -isystem/Users/ariel/git/darling/Developer/Platforms/MacOSX.platform/Developer/SDKs/MacOSX.sdk/usr/include -isystem/Users/ariel/arch/build/darling/Developer/Platforms/MacOSX.platform/Developer/SDKs/MacOSX.sdk/usr/include -isystem/Users/ariel/git/darling/framework-include -DDARLING -DUSE_GETCWD -DHAVE_CONFIG_H -arch x86_64 -arch i386 -no-cpp-precomp  -o pattern.o ../../zsh/Src/pattern.c
/Users/ariel/private-bin/clang -c -I. -I../Src -I../../zsh/Src -I../../zsh/Src/Zle -I../../zsh/Src -isystem/Users/ariel/git/darling/Developer/Platforms/MacOSX.platform/Developer/SDKs/MacOSX.sdk/usr/include -isystem/Users/ariel/arch/build/darling/Developer/Platforms/MacOSX.platform/Developer/SDKs/MacOSX.sdk/usr/include -isystem/Users/ariel/git/darling/framework-include -DDARLING -DUSE_GETCWD -DHAVE_CONFIG_H -arch x86_64 -arch i386 -no-cpp-precomp  -o prompt.o ../../zsh/Src/prompt.c
/Users/ariel/private-bin/clang -c -I. -I../Src -I../../zsh/Src -I../../zsh/Src/Zle -I../../zsh/Src -isystem/Users/ariel/git/darling/Developer/Platforms/MacOSX.platform/Developer/SDKs/MacOSX.sdk/usr/include -isystem/Users/ariel/arch/build/darling/Developer/Platforms/MacOSX.platform/Developer/SDKs/MacOSX.sdk/usr/include -isystem/Users/ariel/git/darling/framework-include -DDARLING -DUSE_GETCWD -DHAVE_CONFIG_H -arch x86_64 -arch i386 -no-cpp-precomp  -o signals.o ../../zsh/Src/signals.c
/Users/ariel/private-bin/clang -c -I. -I../Src -I../../zsh/Src -I../../zsh/Src/Zle -I../../zsh/Src -isystem/Users/ariel/git/darling/Developer/Platforms/MacOSX.platform/Developer/SDKs/MacOSX.sdk/usr/include -isystem/Users/ariel/arch/build/darling/Developer/Platforms/MacOSX.platform/Developer/SDKs/MacOSX.sdk/usr/include -isystem/Users/ariel/git/darling/framework-include -DDARLING -DUSE_GETCWD -DHAVE_CONFIG_H -arch x86_64 -arch i386 -no-cpp-precomp  -o signames.o signames.c
/Users/ariel/private-bin/clang -c -I. -I../Src -I../../zsh/Src -I../../zsh/Src/Zle -I../../zsh/Src -isystem/Users/ariel/git/darling/Developer/Platforms/MacOSX.platform/Developer/SDKs/MacOSX.sdk/usr/include -isystem/Users/ariel/arch/build/darling/Developer/Platforms/MacOSX.platform/Developer/SDKs/MacOSX.sdk/usr/include -isystem/Users/ariel/git/darling/framework-include -DDARLING -DUSE_GETCWD -DHAVE_CONFIG_H -arch x86_64 -arch i386 -no-cpp-precomp  -o sort.o ../../zsh/Src/sort.c
/Users/ariel/private-bin/clang -c -I. -I../Src -I../../zsh/Src -I../../zsh/Src/Zle -I../../zsh/Src -isystem/Users/ariel/git/darling/Developer/Platforms/MacOSX.platform/Developer/SDKs/MacOSX.sdk/usr/include -isystem/Users/ariel/arch/build/darling/Developer/Platforms/MacOSX.platform/Developer/SDKs/MacOSX.sdk/usr/include -isystem/Users/ariel/git/darling/framework-include -DDARLING -DUSE_GETCWD -DHAVE_CONFIG_H -arch x86_64 -arch i386 -no-cpp-precomp  -o string.o ../../zsh/Src/string.c
/Users/ariel/private-bin/clang -c -I. -I../Src -I../../zsh/Src -I../../zsh/Src/Zle -I../../zsh/Src -isystem/Users/ariel/git/darling/Developer/Platforms/MacOSX.platform/Developer/SDKs/MacOSX.sdk/usr/include -isystem/Users/ariel/arch/build/darling/Developer/Platforms/MacOSX.platform/Developer/SDKs/MacOSX.sdk/usr/include -isystem/Users/ariel/git/darling/framework-include -DDARLING -DUSE_GETCWD -DHAVE_CONFIG_H -arch x86_64 -arch i386 -no-cpp-precomp  -o subst.o ../../zsh/Src/subst.c
/Users/ariel/private-bin/clang -c -I. -I../Src -I../../zsh/Src -I../../zsh/Src/Zle -I../../zsh/Src -isystem/Users/ariel/git/darling/Developer/Platforms/MacOSX.platform/Developer/SDKs/MacOSX.sdk/usr/include -isystem/Users/ariel/arch/build/darling/Developer/Platforms/MacOSX.platform/Developer/SDKs/MacOSX.sdk/usr/include -isystem/Users/ariel/git/darling/framework-include -DDARLING -DUSE_GETCWD -DHAVE_CONFIG_H -arch x86_64 -arch i386 -no-cpp-precomp  -o text.o ../../zsh/Src/text.c
/Users/ariel/private-bin/clang -c -I. -I../Src -I../../zsh/Src -I../../zsh/Src/Zle -I../../zsh/Src -isystem/Users/ariel/git/darling/Developer/Platforms/MacOSX.platform/Developer/SDKs/MacOSX.sdk/usr/include -isystem/Users/ariel/arch/build/darling/Developer/Platforms/MacOSX.platform/Developer/SDKs/MacOSX.sdk/usr/include -isystem/Users/ariel/git/darling/framework-include -DDARLING -DUSE_GETCWD -DHAVE_CONFIG_H -arch x86_64 -arch i386 -no-cpp-precomp  -o utils.o ../../zsh/Src/utils.c
/Users/ariel/private-bin/clang -c -I. -I../Src -I../../zsh/Src -I../../zsh/Src/Zle -I../../zsh/Src -isystem/Users/ariel/git/darling/Developer/Platforms/MacOSX.platform/Developer/SDKs/MacOSX.sdk/usr/include -isystem/Users/ariel/arch/build/darling/Developer/Platforms/MacOSX.platform/Developer/SDKs/MacOSX.sdk/usr/include -isystem/Users/ariel/git/darling/framework-include -DDARLING -DUSE_GETCWD -DHAVE_CONFIG_H -arch x86_64 -arch i386 -no-cpp-precomp  -o watch.o ../../zsh/Src/watch.c
Updated `stamp-modobjs'.
awk -f ../../zsh/Src/makepro.awk ../../zsh/Src/main.c Src > main.syms
(echo '/* Generated automatically */'; sed -n '/^E/{s/^E//;p;}' < main.syms) \
		> main.epro
(echo '/* Generated automatically */'; sed -n '/^L/{s/^L//;p;}' < main.syms) \
		> `echo main.epro | sed 's/\.epro$/.pro/'`
/Users/ariel/private-bin/clang -c -I. -I../../zsh/Src -isystem/Users/ariel/git/darling/Developer/Platforms/MacOSX.platform/Developer/SDKs/MacOSX.sdk/usr/include -isystem/Users/ariel/arch/build/darling/Developer/Platforms/MacOSX.platform/Developer/SDKs/MacOSX.sdk/usr/include -isystem/Users/ariel/git/darling/framework-include -DDARLING -DUSE_GETCWD -DHAVE_CONFIG_H -arch x86_64 -arch i386 -no-cpp-precomp -o main.o ../../zsh/Src/main.c
rm -f zsh
/Users/ariel/private-bin/clang -Wl,-x  -rdynamic -o zsh main.o  `cat stamp-modobjs`   -liconv -ldl -ltermcap -lm  -lc
awk -f ../../../zsh/Src/Builtins/rlimits.awk /Users/ariel/git/darling/Developer/Platforms/MacOSX.platform/Developer/SDKs/MacOSX.sdk/usr/include/sys/resource.h /dev/null > rlimits.h
/Users/ariel/private-bin/clang -c -I. -I../../Src -I../../../zsh/Src -I../../../zsh/Src/Zle -I../../../zsh/Src/Builtins -isystem/Users/ariel/git/darling/Developer/Platforms/MacOSX.platform/Developer/SDKs/MacOSX.sdk/usr/include -isystem/Users/ariel/arch/build/darling/Developer/Platforms/MacOSX.platform/Developer/SDKs/MacOSX.sdk/usr/include -isystem/Users/ariel/git/darling/framework-include -DDARLING -DUSE_GETCWD -DHAVE_CONFIG_H -DMODULE -arch x86_64 -arch i386 -no-cpp-precomp -fno-common -o rlimits..o ../../../zsh/Src/Builtins/rlimits.c
rm -f rlimits.so
/Users/ariel/private-bin/clang -Wl,-x  -bundle -flat_namespace -undefined suppress -o rlimits.so   rlimits..o    -liconv -ldl -ltermcap -lm  -lc 
/Users/ariel/private-bin/clang -c -I. -I../../Src -I../../../zsh/Src -I../../../zsh/Src/Zle -I../../../zsh/Src/Builtins -isystem/Users/ariel/git/darling/Developer/Platforms/MacOSX.platform/Developer/SDKs/MacOSX.sdk/usr/include -isystem/Users/ariel/arch/build/darling/Developer/Platforms/MacOSX.platform/Developer/SDKs/MacOSX.sdk/usr/include -isystem/Users/ariel/git/darling/framework-include -DDARLING -DUSE_GETCWD -DHAVE_CONFIG_H -DMODULE -arch x86_64 -arch i386 -no-cpp-precomp -fno-common -o sched..o ../../../zsh/Src/Builtins/sched.c
rm -f sched.so
/Users/ariel/private-bin/clang -Wl,-x  -bundle -flat_namespace -undefined suppress -o sched.so   sched..o    -liconv -ldl -ltermcap -lm  -lc 
/Users/ariel/private-bin/clang -c -I. -I../../Src -I../../../zsh/Src -I../../../zsh/Src/Zle -I../../../zsh/Src/Modules -isystem/Users/ariel/git/darling/Developer/Platforms/MacOSX.platform/Developer/SDKs/MacOSX.sdk/usr/include -isystem/Users/ariel/arch/build/darling/Developer/Platforms/MacOSX.platform/Developer/SDKs/MacOSX.sdk/usr/include -isystem/Users/ariel/git/darling/framework-include -DDARLING -DUSE_GETCWD -DHAVE_CONFIG_H -DMODULE -arch x86_64 -arch i386 -no-cpp-precomp -fno-common -o attr..o ../../../zsh/Src/Modules/attr.c
rm -f attr.so
/Users/ariel/private-bin/clang -Wl,-x  -bundle -flat_namespace -undefined suppress -o attr.so   attr..o    -liconv -ldl -ltermcap -lm  -lc 
/Users/ariel/private-bin/clang -c -I. -I../../Src -I../../../zsh/Src -I../../../zsh/Src/Zle -I../../../zsh/Src/Modules -isystem/Users/ariel/git/darling/Developer/Platforms/MacOSX.platform/Developer/SDKs/MacOSX.sdk/usr/include -isystem/Users/ariel/arch/build/darling/Developer/Platforms/MacOSX.platform/Developer/SDKs/MacOSX.sdk/usr/include -isystem/Users/ariel/git/darling/framework-include -DDARLING -DUSE_GETCWD -DHAVE_CONFIG_H -DMODULE -arch x86_64 -arch i386 -no-cpp-precomp -fno-common -o cap..o ../../../zsh/Src/Modules/cap.c
rm -f cap.so
/Users/ariel/private-bin/clang -Wl,-x  -bundle -flat_namespace -undefined suppress -o cap.so   cap..o    -liconv -ldl -ltermcap -lm  -lc 
/Users/ariel/private-bin/clang -c -I. -I../../Src -I../../../zsh/Src -I../../../zsh/Src/Zle -I../../../zsh/Src/Modules -isystem/Users/ariel/git/darling/Developer/Platforms/MacOSX.platform/Developer/SDKs/MacOSX.sdk/usr/include -isystem/Users/ariel/arch/build/darling/Developer/Platforms/MacOSX.platform/Developer/SDKs/MacOSX.sdk/usr/include -isystem/Users/ariel/git/darling/framework-include -DDARLING -DUSE_GETCWD -DHAVE_CONFIG_H -DMODULE -arch x86_64 -arch i386 -no-cpp-precomp -fno-common -o clone..o ../../../zsh/Src/Modules/clone.c
rm -f clone.so
/Users/ariel/private-bin/clang -Wl,-x  -bundle -flat_namespace -undefined suppress -o clone.so   clone..o    -liconv -ldl -ltermcap -lm  -lc 
awk -f ../../../zsh/Src/Modules/curses_keys.awk /Users/ariel/git/darling/Developer/Platforms/MacOSX.platform/Developer/SDKs/MacOSX.sdk/usr/include/curses.h /dev/null >curses_keys.h
/Users/ariel/private-bin/clang -c -I. -I../../Src -I../../../zsh/Src -I../../../zsh/Src/Zle -I../../../zsh/Src/Modules -isystem/Users/ariel/git/darling/Developer/Platforms/MacOSX.platform/Developer/SDKs/MacOSX.sdk/usr/include -isystem/Users/ariel/arch/build/darling/Developer/Platforms/MacOSX.platform/Developer/SDKs/MacOSX.sdk/usr/include -isystem/Users/ariel/git/darling/framework-include -DDARLING -DUSE_GETCWD -DHAVE_CONFIG_H -DMODULE -arch x86_64 -arch i386 -no-cpp-precomp -fno-common -o curses..o ../../../zsh/Src/Modules/curses.c
rm -f curses.so
/Users/ariel/private-bin/clang -Wl,-x  -bundle -flat_namespace -undefined suppress -o curses.so   curses..o    -liconv -ldl -ltermcap -lm  -lc 
/Users/ariel/private-bin/clang -c -I. -I../../Src -I../../../zsh/Src -I../../../zsh/Src/Zle -I../../../zsh/Src/Modules -isystem/Users/ariel/git/darling/Developer/Platforms/MacOSX.platform/Developer/SDKs/MacOSX.sdk/usr/include -isystem/Users/ariel/arch/build/darling/Developer/Platforms/MacOSX.platform/Developer/SDKs/MacOSX.sdk/usr/include -isystem/Users/ariel/git/darling/framework-include -DDARLING -DUSE_GETCWD -DHAVE_CONFIG_H -DMODULE -arch x86_64 -arch i386 -no-cpp-precomp -fno-common -o datetime..o ../../../zsh/Src/Modules/datetime.c
rm -f datetime.so
/Users/ariel/private-bin/clang -Wl,-x  -bundle -flat_namespace -undefined suppress -o datetime.so   datetime..o    -liconv -ldl -ltermcap -lm  -lc 
/Users/ariel/private-bin/clang -c -I. -I../../Src -I../../../zsh/Src -I../../../zsh/Src/Zle -I../../../zsh/Src/Modules -isystem/Users/ariel/git/darling/Developer/Platforms/MacOSX.platform/Developer/SDKs/MacOSX.sdk/usr/include -isystem/Users/ariel/arch/build/darling/Developer/Platforms/MacOSX.platform/Developer/SDKs/MacOSX.sdk/usr/include -isystem/Users/ariel/git/darling/framework-include -DDARLING -DUSE_GETCWD -DHAVE_CONFIG_H -DMODULE -arch x86_64 -arch i386 -no-cpp-precomp -fno-common -o example..o ../../../zsh/Src/Modules/example.c
rm -f example.so
/Users/ariel/private-bin/clang -Wl,-x  -bundle -flat_namespace -undefined suppress -o example.so   example..o    -liconv -ldl -ltermcap -lm  -lc 
/Users/ariel/private-bin/clang -c -I. -I../../Src -I../../../zsh/Src -I../../../zsh/Src/Zle -I../../../zsh/Src/Modules -isystem/Users/ariel/git/darling/Developer/Platforms/MacOSX.platform/Developer/SDKs/MacOSX.sdk/usr/include -isystem/Users/ariel/arch/build/darling/Developer/Platforms/MacOSX.platform/Developer/SDKs/MacOSX.sdk/usr/include -isystem/Users/ariel/git/darling/framework-include -DDARLING -DUSE_GETCWD -DHAVE_CONFIG_H -DMODULE -arch x86_64 -arch i386 -no-cpp-precomp -fno-common -o files..o ../../../zsh/Src/Modules/files.c
rm -f files.so
/Users/ariel/private-bin/clang -Wl,-x  -bundle -flat_namespace -undefined suppress -o files.so   files..o    -liconv -ldl -ltermcap -lm  -lc 
/Users/ariel/private-bin/clang -c -I. -I../../Src -I../../../zsh/Src -I../../../zsh/Src/Zle -I../../../zsh/Src/Modules -isystem/Users/ariel/git/darling/Developer/Platforms/MacOSX.platform/Developer/SDKs/MacOSX.sdk/usr/include -isystem/Users/ariel/arch/build/darling/Developer/Platforms/MacOSX.platform/Developer/SDKs/MacOSX.sdk/usr/include -isystem/Users/ariel/git/darling/framework-include -DDARLING -DUSE_GETCWD -DHAVE_CONFIG_H -DMODULE -arch x86_64 -arch i386 -no-cpp-precomp -fno-common -o langinfo..o ../../../zsh/Src/Modules/langinfo.c
rm -f langinfo.so
/Users/ariel/private-bin/clang -Wl,-x  -bundle -flat_namespace -undefined suppress -o langinfo.so   langinfo..o    -liconv -ldl -ltermcap -lm  -lc 
/Users/ariel/private-bin/clang -c -I. -I../../Src -I../../../zsh/Src -I../../../zsh/Src/Zle -I../../../zsh/Src/Modules -isystem/Users/ariel/git/darling/Developer/Platforms/MacOSX.platform/Developer/SDKs/MacOSX.sdk/usr/include -isystem/Users/ariel/arch/build/darling/Developer/Platforms/MacOSX.platform/Developer/SDKs/MacOSX.sdk/usr/include -isystem/Users/ariel/git/darling/framework-include -DDARLING -DUSE_GETCWD -DHAVE_CONFIG_H -DMODULE -arch x86_64 -arch i386 -no-cpp-precomp -fno-common -o mapfile..o ../../../zsh/Src/Modules/mapfile.c
rm -f mapfile.so
/Users/ariel/private-bin/clang -Wl,-x  -bundle -flat_namespace -undefined suppress -o mapfile.so   mapfile..o    -liconv -ldl -ltermcap -lm  -lc 
/Users/ariel/private-bin/clang -c -I. -I../../Src -I../../../zsh/Src -I../../../zsh/Src/Zle -I../../../zsh/Src/Modules -isystem/Users/ariel/git/darling/Developer/Platforms/MacOSX.platform/Developer/SDKs/MacOSX.sdk/usr/include -isystem/Users/ariel/arch/build/darling/Developer/Platforms/MacOSX.platform/Developer/SDKs/MacOSX.sdk/usr/include -isystem/Users/ariel/git/darling/framework-include -DDARLING -DUSE_GETCWD -DHAVE_CONFIG_H -DMODULE -arch x86_64 -arch i386 -no-cpp-precomp -fno-common -o mathfunc..o ../../../zsh/Src/Modules/mathfunc.c
rm -f mathfunc.so
/Users/ariel/private-bin/clang -Wl,-x  -bundle -flat_namespace -undefined suppress -o mathfunc.so   mathfunc..o    -liconv -ldl -ltermcap -lm  -lc 
/Users/ariel/private-bin/clang -c -I. -I../../Src -I../../../zsh/Src -I../../../zsh/Src/Zle -I../../../zsh/Src/Modules -isystem/Users/ariel/git/darling/Developer/Platforms/MacOSX.platform/Developer/SDKs/MacOSX.sdk/usr/include -isystem/Users/ariel/arch/build/darling/Developer/Platforms/MacOSX.platform/Developer/SDKs/MacOSX.sdk/usr/include -isystem/Users/ariel/git/darling/framework-include -DDARLING -DUSE_GETCWD -DHAVE_CONFIG_H -DMODULE -arch x86_64 -arch i386 -no-cpp-precomp -fno-common -o nearcolor..o ../../../zsh/Src/Modules/nearcolor.c
rm -f nearcolor.so
/Users/ariel/private-bin/clang -Wl,-x  -bundle -flat_namespace -undefined suppress -o nearcolor.so   nearcolor..o    -liconv -ldl -ltermcap -lm  -lc 
/Users/ariel/private-bin/clang -c -I. -I../../Src -I../../../zsh/Src -I../../../zsh/Src/Zle -I../../../zsh/Src/Modules -isystem/Users/ariel/git/darling/Developer/Platforms/MacOSX.platform/Developer/SDKs/MacOSX.sdk/usr/include -isystem/Users/ariel/arch/build/darling/Developer/Platforms/MacOSX.platform/Developer/SDKs/MacOSX.sdk/usr/include -isystem/Users/ariel/git/darling/framework-include -DDARLING -DUSE_GETCWD -DHAVE_CONFIG_H -DMODULE -arch x86_64 -arch i386 -no-cpp-precomp -fno-common -o newuser..o ../../../zsh/Src/Modules/newuser.c
rm -f newuser.so
/Users/ariel/private-bin/clang -Wl,-x  -bundle -flat_namespace -undefined suppress -o newuser.so   newuser..o    -liconv -ldl -ltermcap -lm  -lc 
/Users/ariel/private-bin/clang -c -I. -I../../Src -I../../../zsh/Src -I../../../zsh/Src/Zle -I../../../zsh/Src/Modules -isystem/Users/ariel/git/darling/Developer/Platforms/MacOSX.platform/Developer/SDKs/MacOSX.sdk/usr/include -isystem/Users/ariel/arch/build/darling/Developer/Platforms/MacOSX.platform/Developer/SDKs/MacOSX.sdk/usr/include -isystem/Users/ariel/git/darling/framework-include -DDARLING -DUSE_GETCWD -DHAVE_CONFIG_H -DMODULE -arch x86_64 -arch i386 -no-cpp-precomp -fno-common -o param_private..o ../../../zsh/Src/Modules/param_private.c
rm -f param_private.so
/Users/ariel/private-bin/clang -Wl,-x  -bundle -flat_namespace -undefined suppress -o param_private.so   param_private..o    -liconv -ldl -ltermcap -lm  -lc 
/Users/ariel/private-bin/clang -c -I. -I../../Src -I../../../zsh/Src -I../../../zsh/Src/Zle -I../../../zsh/Src/Modules -isystem/Users/ariel/git/darling/Developer/Platforms/MacOSX.platform/Developer/SDKs/MacOSX.sdk/usr/include -isystem/Users/ariel/arch/build/darling/Developer/Platforms/MacOSX.platform/Developer/SDKs/MacOSX.sdk/usr/include -isystem/Users/ariel/git/darling/framework-include -DDARLING -DUSE_GETCWD -DHAVE_CONFIG_H -DMODULE -arch x86_64 -arch i386 -no-cpp-precomp -fno-common -o parameter..o ../../../zsh/Src/Modules/parameter.c
rm -f parameter.so
/Users/ariel/private-bin/clang -Wl,-x  -bundle -flat_namespace -undefined suppress -o parameter.so   parameter..o    -liconv -ldl -ltermcap -lm  -lc 
/Users/ariel/private-bin/clang -c -I. -I../../Src -I../../../zsh/Src -I../../../zsh/Src/Zle -I../../../zsh/Src/Modules -isystem/Users/ariel/git/darling/Developer/Platforms/MacOSX.platform/Developer/SDKs/MacOSX.sdk/usr/include -isystem/Users/ariel/arch/build/darling/Developer/Platforms/MacOSX.platform/Developer/SDKs/MacOSX.sdk/usr/include -isystem/Users/ariel/git/darling/framework-include -DDARLING -DUSE_GETCWD -DHAVE_CONFIG_H -DMODULE -arch x86_64 -arch i386 -no-cpp-precomp -fno-common -o regex..o ../../../zsh/Src/Modules/regex.c
rm -f regex.so
/Users/ariel/private-bin/clang -Wl,-x  -bundle -flat_namespace -undefined suppress -o regex.so   regex..o    -liconv -ldl -ltermcap -lm  -lc 
/Users/ariel/private-bin/clang -c -I. -I../../Src -I../../../zsh/Src -I../../../zsh/Src/Zle -I../../../zsh/Src/Modules -isystem/Users/ariel/git/darling/Developer/Platforms/MacOSX.platform/Developer/SDKs/MacOSX.sdk/usr/include -isystem/Users/ariel/arch/build/darling/Developer/Platforms/MacOSX.platform/Developer/SDKs/MacOSX.sdk/usr/include -isystem/Users/ariel/git/darling/framework-include -DDARLING -DUSE_GETCWD -DHAVE_CONFIG_H -DMODULE -arch x86_64 -arch i386 -no-cpp-precomp -fno-common -o socket..o ../../../zsh/Src/Modules/socket.c
rm -f socket.so
/Users/ariel/private-bin/clang -Wl,-x  -bundle -flat_namespace -undefined suppress -o socket.so   socket..o    -liconv -ldl -ltermcap -lm  -lc 
/Users/ariel/private-bin/clang -c -I. -I../../Src -I../../../zsh/Src -I../../../zsh/Src/Zle -I../../../zsh/Src/Modules -isystem/Users/ariel/git/darling/Developer/Platforms/MacOSX.platform/Developer/SDKs/MacOSX.sdk/usr/include -isystem/Users/ariel/arch/build/darling/Developer/Platforms/MacOSX.platform/Developer/SDKs/MacOSX.sdk/usr/include -isystem/Users/ariel/git/darling/framework-include -DDARLING -DUSE_GETCWD -DHAVE_CONFIG_H -DMODULE -arch x86_64 -arch i386 -no-cpp-precomp -fno-common -o stat..o ../../../zsh/Src/Modules/stat.c
rm -f stat.so
/Users/ariel/private-bin/clang -Wl,-x  -bundle -flat_namespace -undefined suppress -o stat.so   stat..o    -liconv -ldl -ltermcap -lm  -lc 
/Users/ariel/private-bin/clang -c -I. -I../../Src -I../../../zsh/Src -I../../../zsh/Src/Zle -I../../../zsh/Src/Modules -isystem/Users/ariel/git/darling/Developer/Platforms/MacOSX.platform/Developer/SDKs/MacOSX.sdk/usr/include -isystem/Users/ariel/arch/build/darling/Developer/Platforms/MacOSX.platform/Developer/SDKs/MacOSX.sdk/usr/include -isystem/Users/ariel/git/darling/framework-include -DDARLING -DUSE_GETCWD -DHAVE_CONFIG_H -DMODULE -arch x86_64 -arch i386 -no-cpp-precomp -fno-common -o system..o ../../../zsh/Src/Modules/system.c
/Users/ariel/private-bin/clang -c -I. -I../../Src -I../../../zsh/Src -I../../../zsh/Src/Zle -I../../../zsh/Src/Modules -isystem/Users/ariel/git/darling/Developer/Platforms/MacOSX.platform/Developer/SDKs/MacOSX.sdk/usr/include -isystem/Users/ariel/arch/build/darling/Developer/Platforms/MacOSX.platform/Developer/SDKs/MacOSX.sdk/usr/include -isystem/Users/ariel/git/darling/framework-include -DDARLING -DUSE_GETCWD -DHAVE_CONFIG_H -DMODULE -arch x86_64 -arch i386 -no-cpp-precomp -fno-common -o errnames..o errnames.c
rm -f system.so
/Users/ariel/private-bin/clang -Wl,-x  -bundle -flat_namespace -undefined suppress -o system.so   system..o errnames..o    -liconv -ldl -ltermcap -lm  -lc 
/Users/ariel/private-bin/clang -c -I. -I../../Src -I../../../zsh/Src -I../../../zsh/Src/Zle -I../../../zsh/Src/Modules -isystem/Users/ariel/git/darling/Developer/Platforms/MacOSX.platform/Developer/SDKs/MacOSX.sdk/usr/include -isystem/Users/ariel/arch/build/darling/Developer/Platforms/MacOSX.platform/Developer/SDKs/MacOSX.sdk/usr/include -isystem/Users/ariel/git/darling/framework-include -DDARLING -DUSE_GETCWD -DHAVE_CONFIG_H -DMODULE -arch x86_64 -arch i386 -no-cpp-precomp -fno-common -o tcp..o ../../../zsh/Src/Modules/tcp.c
rm -f tcp.so
/Users/ariel/private-bin/clang -Wl,-x  -bundle -flat_namespace -undefined suppress -o tcp.so   tcp..o    -liconv -ldl -ltermcap -lm  -lc 
/Users/ariel/private-bin/clang -c -I. -I../../Src -I../../../zsh/Src -I../../../zsh/Src/Zle -I../../../zsh/Src/Modules -isystem/Users/ariel/git/darling/Developer/Platforms/MacOSX.platform/Developer/SDKs/MacOSX.sdk/usr/include -isystem/Users/ariel/arch/build/darling/Developer/Platforms/MacOSX.platform/Developer/SDKs/MacOSX.sdk/usr/include -isystem/Users/ariel/git/darling/framework-include -DDARLING -DUSE_GETCWD -DHAVE_CONFIG_H -DMODULE -arch x86_64 -arch i386 -no-cpp-precomp -fno-common -o termcap..o ../../../zsh/Src/Modules/termcap.c
rm -f termcap.so
/Users/ariel/private-bin/clang -Wl,-x  -bundle -flat_namespace -undefined suppress -o termcap.so   termcap..o    -liconv -ldl -ltermcap -lm  -lc 
/Users/ariel/private-bin/clang -c -I. -I../../Src -I../../../zsh/Src -I../../../zsh/Src/Zle -I../../../zsh/Src/Modules -isystem/Users/ariel/git/darling/Developer/Platforms/MacOSX.platform/Developer/SDKs/MacOSX.sdk/usr/include -isystem/Users/ariel/arch/build/darling/Developer/Platforms/MacOSX.platform/Developer/SDKs/MacOSX.sdk/usr/include -isystem/Users/ariel/git/darling/framework-include -DDARLING -DUSE_GETCWD -DHAVE_CONFIG_H -DMODULE -arch x86_64 -arch i386 -no-cpp-precomp -fno-common -o terminfo..o ../../../zsh/Src/Modules/terminfo.c
rm -f terminfo.so
/Users/ariel/private-bin/clang -Wl,-x  -bundle -flat_namespace -undefined suppress -o terminfo.so   terminfo..o    -liconv -ldl -ltermcap -lm  -lc 
/Users/ariel/private-bin/clang -c -I. -I../../Src -I../../../zsh/Src -I../../../zsh/Src/Zle -I../../../zsh/Src/Modules -isystem/Users/ariel/git/darling/Developer/Platforms/MacOSX.platform/Developer/SDKs/MacOSX.sdk/usr/include -isystem/Users/ariel/arch/build/darling/Developer/Platforms/MacOSX.platform/Developer/SDKs/MacOSX.sdk/usr/include -isystem/Users/ariel/git/darling/framework-include -DDARLING -DUSE_GETCWD -DHAVE_CONFIG_H -DMODULE -arch x86_64 -arch i386 -no-cpp-precomp -fno-common -o zftp..o ../../../zsh/Src/Modules/zftp.c
rm -f zftp.so
/Users/ariel/private-bin/clang -Wl,-x  -bundle -flat_namespace -undefined suppress -o zftp.so   zftp..o    -liconv -ldl -ltermcap -lm  -lc 
/Users/ariel/private-bin/clang -c -I. -I../../Src -I../../../zsh/Src -I../../../zsh/Src/Zle -I../../../zsh/Src/Modules -isystem/Users/ariel/git/darling/Developer/Platforms/MacOSX.platform/Developer/SDKs/MacOSX.sdk/usr/include -isystem/Users/ariel/arch/build/darling/Developer/Platforms/MacOSX.platform/Developer/SDKs/MacOSX.sdk/usr/include -isystem/Users/ariel/git/darling/framework-include -DDARLING -DUSE_GETCWD -DHAVE_CONFIG_H -DMODULE -arch x86_64 -arch i386 -no-cpp-precomp -fno-common -o zprof..o ../../../zsh/Src/Modules/zprof.c
rm -f zprof.so
/Users/ariel/private-bin/clang -Wl,-x  -bundle -flat_namespace -undefined suppress -o zprof.so   zprof..o    -liconv -ldl -ltermcap -lm  -lc 
/Users/ariel/private-bin/clang -c -I. -I../../Src -I../../../zsh/Src -I../../../zsh/Src/Zle -I../../../zsh/Src/Modules -isystem/Users/ariel/git/darling/Developer/Platforms/MacOSX.platform/Developer/SDKs/MacOSX.sdk/usr/include -isystem/Users/ariel/arch/build/darling/Developer/Platforms/MacOSX.platform/Developer/SDKs/MacOSX.sdk/usr/include -isystem/Users/ariel/git/darling/framework-include -DDARLING -DUSE_GETCWD -DHAVE_CONFIG_H -DMODULE -arch x86_64 -arch i386 -no-cpp-precomp -fno-common -o zpty..o ../../../zsh/Src/Modules/zpty.c
rm -f zpty.so
/Users/ariel/private-bin/clang -Wl,-x  -bundle -flat_namespace -undefined suppress -o zpty.so   zpty..o    -liconv -ldl -ltermcap -lm  -lc 
/Users/ariel/private-bin/clang -c -I. -I../../Src -I../../../zsh/Src -I../../../zsh/Src/Zle -I../../../zsh/Src/Modules -isystem/Users/ariel/git/darling/Developer/Platforms/MacOSX.platform/Developer/SDKs/MacOSX.sdk/usr/include -isystem/Users/ariel/arch/build/darling/Developer/Platforms/MacOSX.platform/Developer/SDKs/MacOSX.sdk/usr/include -isystem/Users/ariel/git/darling/framework-include -DDARLING -DUSE_GETCWD -DHAVE_CONFIG_H -DMODULE -arch x86_64 -arch i386 -no-cpp-precomp -fno-common -o zselect..o ../../../zsh/Src/Modules/zselect.c
rm -f zselect.so
/Users/ariel/private-bin/clang -Wl,-x  -bundle -flat_namespace -undefined suppress -o zselect.so   zselect..o    -liconv -ldl -ltermcap -lm  -lc 
make[4]: `complete.mdh' is up to date.
/Users/ariel/private-bin/clang -c -I. -I../../Src -I../../../zsh/Src -I../../../zsh/Src/Zle -I../../../zsh/Src/Modules -isystem/Users/ariel/git/darling/Developer/Platforms/MacOSX.platform/Developer/SDKs/MacOSX.sdk/usr/include -isystem/Users/ariel/arch/build/darling/Developer/Platforms/MacOSX.platform/Developer/SDKs/MacOSX.sdk/usr/include -isystem/Users/ariel/git/darling/framework-include -DDARLING -DUSE_GETCWD -DHAVE_CONFIG_H -DMODULE -arch x86_64 -arch i386 -no-cpp-precomp -fno-common -o zutil..o ../../../zsh/Src/Modules/zutil.c
rm -f zutil.so
/Users/ariel/private-bin/clang -Wl,-x  -bundle -flat_namespace -undefined suppress -o zutil.so   zutil..o    -liconv -ldl -ltermcap -lm  -lc 
/Users/ariel/private-bin/clang -c -I. -I../../Src -I../../../zsh/Src -I../../../zsh/Src/Zle -I../../../zsh/Src/Zle -isystem/Users/ariel/git/darling/Developer/Platforms/MacOSX.platform/Developer/SDKs/MacOSX.sdk/usr/include -isystem/Users/ariel/arch/build/darling/Developer/Platforms/MacOSX.platform/Developer/SDKs/MacOSX.sdk/usr/include -isystem/Users/ariel/git/darling/framework-include -DDARLING -DUSE_GETCWD -DHAVE_CONFIG_H -DMODULE -arch x86_64 -arch i386 -no-cpp-precomp -fno-common -o compctl..o ../../../zsh/Src/Zle/compctl.c
rm -f compctl.so
/Users/ariel/private-bin/clang -Wl,-x  -bundle -flat_namespace -undefined suppress -o compctl.so   compctl..o    -liconv -ldl -ltermcap -lm  -lc 
/Users/ariel/private-bin/clang -c -I. -I../../Src -I../../../zsh/Src -I../../../zsh/Src/Zle -I../../../zsh/Src/Zle -isystem/Users/ariel/git/darling/Developer/Platforms/MacOSX.platform/Developer/SDKs/MacOSX.sdk/usr/include -isystem/Users/ariel/arch/build/darling/Developer/Platforms/MacOSX.platform/Developer/SDKs/MacOSX.sdk/usr/include -isystem/Users/ariel/git/darling/framework-include -DDARLING -DUSE_GETCWD -DHAVE_CONFIG_H -DMODULE -arch x86_64 -arch i386 -no-cpp-precomp -fno-common -o complete..o ../../../zsh/Src/Zle/complete.c
/Users/ariel/private-bin/clang -c -I. -I../../Src -I../../../zsh/Src -I../../../zsh/Src/Zle -I../../../zsh/Src/Zle -isystem/Users/ariel/git/darling/Developer/Platforms/MacOSX.platform/Developer/SDKs/MacOSX.sdk/usr/include -isystem/Users/ariel/arch/build/darling/Developer/Platforms/MacOSX.platform/Developer/SDKs/MacOSX.sdk/usr/include -isystem/Users/ariel/git/darling/framework-include -DDARLING -DUSE_GETCWD -DHAVE_CONFIG_H -DMODULE -arch x86_64 -arch i386 -no-cpp-precomp -fno-common -o compcore..o ../../../zsh/Src/Zle/compcore.c
/Users/ariel/private-bin/clang -c -I. -I../../Src -I../../../zsh/Src -I../../../zsh/Src/Zle -I../../../zsh/Src/Zle -isystem/Users/ariel/git/darling/Developer/Platforms/MacOSX.platform/Developer/SDKs/MacOSX.sdk/usr/include -isystem/Users/ariel/arch/build/darling/Developer/Platforms/MacOSX.platform/Developer/SDKs/MacOSX.sdk/usr/include -isystem/Users/ariel/git/darling/framework-include -DDARLING -DUSE_GETCWD -DHAVE_CONFIG_H -DMODULE -arch x86_64 -arch i386 -no-cpp-precomp -fno-common -o compmatch..o ../../../zsh/Src/Zle/compmatch.c
/Users/ariel/private-bin/clang -c -I. -I../../Src -I../../../zsh/Src -I../../../zsh/Src/Zle -I../../../zsh/Src/Zle -isystem/Users/ariel/git/darling/Developer/Platforms/MacOSX.platform/Developer/SDKs/MacOSX.sdk/usr/include -isystem/Users/ariel/arch/build/darling/Developer/Platforms/MacOSX.platform/Developer/SDKs/MacOSX.sdk/usr/include -isystem/Users/ariel/git/darling/framework-include -DDARLING -DUSE_GETCWD -DHAVE_CONFIG_H -DMODULE -arch x86_64 -arch i386 -no-cpp-precomp -fno-common -o compresult..o ../../../zsh/Src/Zle/compresult.c
rm -f complete.so
/Users/ariel/private-bin/clang -Wl,-x  -bundle -flat_namespace -undefined suppress -o complete.so   complete..o compcore..o compmatch..o compresult..o    -liconv -ldl -ltermcap -lm  -lc 
/Users/ariel/private-bin/clang -c -I. -I../../Src -I../../../zsh/Src -I../../../zsh/Src/Zle -I../../../zsh/Src/Zle -isystem/Users/ariel/git/darling/Developer/Platforms/MacOSX.platform/Developer/SDKs/MacOSX.sdk/usr/include -isystem/Users/ariel/arch/build/darling/Developer/Platforms/MacOSX.platform/Developer/SDKs/MacOSX.sdk/usr/include -isystem/Users/ariel/git/darling/framework-include -DDARLING -DUSE_GETCWD -DHAVE_CONFIG_H -DMODULE -arch x86_64 -arch i386 -no-cpp-precomp -fno-common -o complist..o ../../../zsh/Src/Zle/complist.c
rm -f complist.so
/Users/ariel/private-bin/clang -Wl,-x  -bundle -flat_namespace -undefined suppress -o complist.so   complist..o    -liconv -ldl -ltermcap -lm  -lc 
/Users/ariel/private-bin/clang -c -I. -I../../Src -I../../../zsh/Src -I../../../zsh/Src/Zle -I../../../zsh/Src/Zle -isystem/Users/ariel/git/darling/Developer/Platforms/MacOSX.platform/Developer/SDKs/MacOSX.sdk/usr/include -isystem/Users/ariel/arch/build/darling/Developer/Platforms/MacOSX.platform/Developer/SDKs/MacOSX.sdk/usr/include -isystem/Users/ariel/git/darling/framework-include -DDARLING -DUSE_GETCWD -DHAVE_CONFIG_H -DMODULE -arch x86_64 -arch i386 -no-cpp-precomp -fno-common -o computil..o ../../../zsh/Src/Zle/computil.c
rm -f computil.so
/Users/ariel/private-bin/clang -Wl,-x  -bundle -flat_namespace -undefined suppress -o computil.so   computil..o    -liconv -ldl -ltermcap -lm  -lc 
/Users/ariel/private-bin/clang -c -I. -I../../Src -I../../../zsh/Src -I../../../zsh/Src/Zle -I../../../zsh/Src/Zle -isystem/Users/ariel/git/darling/Developer/Platforms/MacOSX.platform/Developer/SDKs/MacOSX.sdk/usr/include -isystem/Users/ariel/arch/build/darling/Developer/Platforms/MacOSX.platform/Developer/SDKs/MacOSX.sdk/usr/include -isystem/Users/ariel/git/darling/framework-include -DDARLING -DUSE_GETCWD -DHAVE_CONFIG_H -DMODULE -arch x86_64 -arch i386 -no-cpp-precomp -fno-common -o deltochar..o ../../../zsh/Src/Zle/deltochar.c
rm -f deltochar.so
/Users/ariel/private-bin/clang -Wl,-x  -bundle -flat_namespace -undefined suppress -o deltochar.so   deltochar..o    -liconv -ldl -ltermcap -lm  -lc 
( \
	    echo '/** widgets.list                               **/'; \
	    echo '/** widget structures for the internal widgets **/'; \
	    echo; \
	    echo '/* format: W(ZLE_FLAGS, t_firstname, functionname) */'; \
	    echo; \
	    sed -e 's/#.*//; /^$/d; s/-//g' \
		-e 's/^"\(.*\)" *, *\([^ ]*\) *, *\(.*\)/W(\3, t_\1, \2)/' \
		< ../../../zsh/Src/Zle/iwidgets.list; \
	) > widgets.list
( \
	    echo '/** zle_widget.h                                **/'; \
	    echo '/** indices of and pointers to internal widgets **/'; \
	    echo; \
	    echo 'enum {'; \
	    sed -n -f ../../../zsh/Src/Zle/zle_widget.sed < widgets.list; \
	    echo '    ZLE_BUILTIN_WIDGET_COUNT'; \
	    echo '};'; \
	) > zle_widget.h
/Users/ariel/private-bin/clang -c -I. -I../../Src -I../../../zsh/Src -I../../../zsh/Src/Zle -I../../../zsh/Src/Zle -isystem/Users/ariel/git/darling/Developer/Platforms/MacOSX.platform/Developer/SDKs/MacOSX.sdk/usr/include -isystem/Users/ariel/arch/build/darling/Developer/Platforms/MacOSX.platform/Developer/SDKs/MacOSX.sdk/usr/include -isystem/Users/ariel/git/darling/framework-include -DDARLING -DUSE_GETCWD -DHAVE_CONFIG_H -DMODULE -arch x86_64 -arch i386 -no-cpp-precomp -fno-common -o zle_bindings..o ../../../zsh/Src/Zle/zle_bindings.c
/Users/ariel/private-bin/clang -c -I. -I../../Src -I../../../zsh/Src -I../../../zsh/Src/Zle -I../../../zsh/Src/Zle -isystem/Users/ariel/git/darling/Developer/Platforms/MacOSX.platform/Developer/SDKs/MacOSX.sdk/usr/include -isystem/Users/ariel/arch/build/darling/Developer/Platforms/MacOSX.platform/Developer/SDKs/MacOSX.sdk/usr/include -isystem/Users/ariel/git/darling/framework-include -DDARLING -DUSE_GETCWD -DHAVE_CONFIG_H -DMODULE -arch x86_64 -arch i386 -no-cpp-precomp -fno-common -o zle_hist..o ../../../zsh/Src/Zle/zle_hist.c
/Users/ariel/private-bin/clang -c -I. -I../../Src -I../../../zsh/Src -I../../../zsh/Src/Zle -I../../../zsh/Src/Zle -isystem/Users/ariel/git/darling/Developer/Platforms/MacOSX.platform/Developer/SDKs/MacOSX.sdk/usr/include -isystem/Users/ariel/arch/build/darling/Developer/Platforms/MacOSX.platform/Developer/SDKs/MacOSX.sdk/usr/include -isystem/Users/ariel/git/darling/framework-include -DDARLING -DUSE_GETCWD -DHAVE_CONFIG_H -DMODULE -arch x86_64 -arch i386 -no-cpp-precomp -fno-common -o zle_keymap..o ../../../zsh/Src/Zle/zle_keymap.c
/Users/ariel/private-bin/clang -c -I. -I../../Src -I../../../zsh/Src -I../../../zsh/Src/Zle -I../../../zsh/Src/Zle -isystem/Users/ariel/git/darling/Developer/Platforms/MacOSX.platform/Developer/SDKs/MacOSX.sdk/usr/include -isystem/Users/ariel/arch/build/darling/Developer/Platforms/MacOSX.platform/Developer/SDKs/MacOSX.sdk/usr/include -isystem/Users/ariel/git/darling/framework-include -DDARLING -DUSE_GETCWD -DHAVE_CONFIG_H -DMODULE -arch x86_64 -arch i386 -no-cpp-precomp -fno-common -o zle_main..o ../../../zsh/Src/Zle/zle_main.c
/Users/ariel/private-bin/clang -c -I. -I../../Src -I../../../zsh/Src -I../../../zsh/Src/Zle -I../../../zsh/Src/Zle -isystem/Users/ariel/git/darling/Developer/Platforms/MacOSX.platform/Developer/SDKs/MacOSX.sdk/usr/include -isystem/Users/ariel/arch/build/darling/Developer/Platforms/MacOSX.platform/Developer/SDKs/MacOSX.sdk/usr/include -isystem/Users/ariel/git/darling/framework-include -DDARLING -DUSE_GETCWD -DHAVE_CONFIG_H -DMODULE -arch x86_64 -arch i386 -no-cpp-precomp -fno-common -o zle_misc..o ../../../zsh/Src/Zle/zle_misc.c
/Users/ariel/private-bin/clang -c -I. -I../../Src -I../../../zsh/Src -I../../../zsh/Src/Zle -I../../../zsh/Src/Zle -isystem/Users/ariel/git/darling/Developer/Platforms/MacOSX.platform/Developer/SDKs/MacOSX.sdk/usr/include -isystem/Users/ariel/arch/build/darling/Developer/Platforms/MacOSX.platform/Developer/SDKs/MacOSX.sdk/usr/include -isystem/Users/ariel/git/darling/framework-include -DDARLING -DUSE_GETCWD -DHAVE_CONFIG_H -DMODULE -arch x86_64 -arch i386 -no-cpp-precomp -fno-common -o zle_move..o ../../../zsh/Src/Zle/zle_move.c
/Users/ariel/private-bin/clang -c -I. -I../../Src -I../../../zsh/Src -I../../../zsh/Src/Zle -I../../../zsh/Src/Zle -isystem/Users/ariel/git/darling/Developer/Platforms/MacOSX.platform/Developer/SDKs/MacOSX.sdk/usr/include -isystem/Users/ariel/arch/build/darling/Developer/Platforms/MacOSX.platform/Developer/SDKs/MacOSX.sdk/usr/include -isystem/Users/ariel/git/darling/framework-include -DDARLING -DUSE_GETCWD -DHAVE_CONFIG_H -DMODULE -arch x86_64 -arch i386 -no-cpp-precomp -fno-common -o zle_params..o ../../../zsh/Src/Zle/zle_params.c
/Users/ariel/private-bin/clang -c -I. -I../../Src -I../../../zsh/Src -I../../../zsh/Src/Zle -I../../../zsh/Src/Zle -isystem/Users/ariel/git/darling/Developer/Platforms/MacOSX.platform/Developer/SDKs/MacOSX.sdk/usr/include -isystem/Users/ariel/arch/build/darling/Developer/Platforms/MacOSX.platform/Developer/SDKs/MacOSX.sdk/usr/include -isystem/Users/ariel/git/darling/framework-include -DDARLING -DUSE_GETCWD -DHAVE_CONFIG_H -DMODULE -arch x86_64 -arch i386 -no-cpp-precomp -fno-common -o zle_refresh..o ../../../zsh/Src/Zle/zle_refresh.c
/Users/ariel/private-bin/clang -c -I. -I../../Src -I../../../zsh/Src -I../../../zsh/Src/Zle -I../../../zsh/Src/Zle -isystem/Users/ariel/git/darling/Developer/Platforms/MacOSX.platform/Developer/SDKs/MacOSX.sdk/usr/include -isystem/Users/ariel/arch/build/darling/Developer/Platforms/MacOSX.platform/Developer/SDKs/MacOSX.sdk/usr/include -isystem/Users/ariel/git/darling/framework-include -DDARLING -DUSE_GETCWD -DHAVE_CONFIG_H -DMODULE -arch x86_64 -arch i386 -no-cpp-precomp -fno-common -o zle_thingy..o ../../../zsh/Src/Zle/zle_thingy.c
/Users/ariel/private-bin/clang -c -I. -I../../Src -I../../../zsh/Src -I../../../zsh/Src/Zle -I../../../zsh/Src/Zle -isystem/Users/ariel/git/darling/Developer/Platforms/MacOSX.platform/Developer/SDKs/MacOSX.sdk/usr/include -isystem/Users/ariel/arch/build/darling/Developer/Platforms/MacOSX.platform/Developer/SDKs/MacOSX.sdk/usr/include -isystem/Users/ariel/git/darling/framework-include -DDARLING -DUSE_GETCWD -DHAVE_CONFIG_H -DMODULE -arch x86_64 -arch i386 -no-cpp-precomp -fno-common -o zle_tricky..o ../../../zsh/Src/Zle/zle_tricky.c
/Users/ariel/private-bin/clang -c -I. -I../../Src -I../../../zsh/Src -I../../../zsh/Src/Zle -I../../../zsh/Src/Zle -isystem/Users/ariel/git/darling/Developer/Platforms/MacOSX.platform/Developer/SDKs/MacOSX.sdk/usr/include -isystem/Users/ariel/arch/build/darling/Developer/Platforms/MacOSX.platform/Developer/SDKs/MacOSX.sdk/usr/include -isystem/Users/ariel/git/darling/framework-include -DDARLING -DUSE_GETCWD -DHAVE_CONFIG_H -DMODULE -arch x86_64 -arch i386 -no-cpp-precomp -fno-common -o zle_utils..o ../../../zsh/Src/Zle/zle_utils.c
/Users/ariel/private-bin/clang -c -I. -I../../Src -I../../../zsh/Src -I../../../zsh/Src/Zle -I../../../zsh/Src/Zle -isystem/Users/ariel/git/darling/Developer/Platforms/MacOSX.platform/Developer/SDKs/MacOSX.sdk/usr/include -isystem/Users/ariel/arch/build/darling/Developer/Platforms/MacOSX.platform/Developer/SDKs/MacOSX.sdk/usr/include -isystem/Users/ariel/git/darling/framework-include -DDARLING -DUSE_GETCWD -DHAVE_CONFIG_H -DMODULE -arch x86_64 -arch i386 -no-cpp-precomp -fno-common -o zle_vi..o ../../../zsh/Src/Zle/zle_vi.c
/Users/ariel/private-bin/clang -c -I. -I../../Src -I../../../zsh/Src -I../../../zsh/Src/Zle -I../../../zsh/Src/Zle -isystem/Users/ariel/git/darling/Developer/Platforms/MacOSX.platform/Developer/SDKs/MacOSX.sdk/usr/include -isystem/Users/ariel/arch/build/darling/Developer/Platforms/MacOSX.platform/Developer/SDKs/MacOSX.sdk/usr/include -isystem/Users/ariel/git/darling/framework-include -DDARLING -DUSE_GETCWD -DHAVE_CONFIG_H -DMODULE -arch x86_64 -arch i386 -no-cpp-precomp -fno-common -o zle_word..o ../../../zsh/Src/Zle/zle_word.c
/Users/ariel/private-bin/clang -c -I. -I../../Src -I../../../zsh/Src -I../../../zsh/Src/Zle -I../../../zsh/Src/Zle -isystem/Users/ariel/git/darling/Developer/Platforms/MacOSX.platform/Developer/SDKs/MacOSX.sdk/usr/include -isystem/Users/ariel/arch/build/darling/Developer/Platforms/MacOSX.platform/Developer/SDKs/MacOSX.sdk/usr/include -isystem/Users/ariel/git/darling/framework-include -DDARLING -DUSE_GETCWD -DHAVE_CONFIG_H -DMODULE -arch x86_64 -arch i386 -no-cpp-precomp -fno-common -o textobjects..o ../../../zsh/Src/Zle/textobjects.c
rm -f zle.so
/Users/ariel/private-bin/clang -Wl,-x  -bundle -flat_namespace -undefined suppress -o zle.so   zle_bindings..o zle_hist..o zle_keymap..o zle_main..o zle_misc..o zle_move..o zle_params..o zle_refresh..o zle_thingy..o zle_tricky..o zle_utils..o zle_vi..o zle_word..o textobjects..o    -liconv -ldl -ltermcap -lm  -lc 
/Users/ariel/private-bin/clang -c -I. -I../../Src -I../../../zsh/Src -I../../../zsh/Src/Zle -I../../../zsh/Src/Zle -isystem/Users/ariel/git/darling/Developer/Platforms/MacOSX.platform/Developer/SDKs/MacOSX.sdk/usr/include -isystem/Users/ariel/arch/build/darling/Developer/Platforms/MacOSX.platform/Developer/SDKs/MacOSX.sdk/usr/include -isystem/Users/ariel/git/darling/framework-include -DDARLING -DUSE_GETCWD -DHAVE_CONFIG_H -DMODULE -arch x86_64 -arch i386 -no-cpp-precomp -fno-common -o zleparameter..o ../../../zsh/Src/Zle/zleparameter.c
rm -f zleparameter.so
/Users/ariel/private-bin/clang -Wl,-x  -bundle -flat_namespace -undefined suppress -o zleparameter.so   zleparameter..o    -liconv -ldl -ltermcap -lm  -lc 
( \
	    echo "startitem()"; \
	    for modfile in Zsh/mod_attr.yo Zsh/mod_cap.yo Zsh/mod_clone.yo Zsh/mod_compctl.yo Zsh/mod_complete.yo Zsh/mod_complist.yo Zsh/mod_computil.yo Zsh/mod_curses.yo Zsh/mod_datetime.yo Zsh/mod_db_gdbm.yo Zsh/mod_deltochar.yo Zsh/mod_example.yo Zsh/mod_files.yo Zsh/mod_langinfo.yo Zsh/mod_mapfile.yo Zsh/mod_mathfunc.yo Zsh/mod_nearcolor.yo Zsh/mod_newuser.yo Zsh/mod_parameter.yo Zsh/mod_pcre.yo Zsh/mod_private.yo Zsh/mod_regex.yo Zsh/mod_sched.yo Zsh/mod_socket.yo Zsh/mod_stat.yo  Zsh/mod_system.yo Zsh/mod_tcp.yo Zsh/mod_termcap.yo Zsh/mod_terminfo.yo Zsh/mod_zftp.yo Zsh/mod_zle.yo Zsh/mod_zleparameter.yo Zsh/mod_zprof.yo Zsh/mod_zpty.yo Zsh/mod_zselect.yo Zsh/mod_zutil.yo; do \
		sed -n -e '1{s|^COMMENT(!MOD!\(.*\)$|item(tt(\1))(|;p;d;}' \
		    -e '/^!MOD!)$/q;p' \
		    < ../../zsh/Doc/$modfile; \
		echo ")"; \
	    done; \
	    echo "enditem()"; \
	    echo "includefile(Zsh/modmenu.yo)"; \
	    set '' Zsh/mod_attr.yo Zsh/mod_cap.yo Zsh/mod_clone.yo Zsh/mod_compctl.yo Zsh/mod_complete.yo Zsh/mod_complist.yo Zsh/mod_computil.yo Zsh/mod_curses.yo Zsh/mod_datetime.yo Zsh/mod_db_gdbm.yo Zsh/mod_deltochar.yo Zsh/mod_example.yo Zsh/mod_files.yo Zsh/mod_langinfo.yo Zsh/mod_mapfile.yo Zsh/mod_mathfunc.yo Zsh/mod_nearcolor.yo Zsh/mod_newuser.yo Zsh/mod_parameter.yo Zsh/mod_pcre.yo Zsh/mod_private.yo Zsh/mod_regex.yo Zsh/mod_sched.yo Zsh/mod_socket.yo Zsh/mod_stat.yo  Zsh/mod_system.yo Zsh/mod_tcp.yo Zsh/mod_termcap.yo Zsh/mod_terminfo.yo Zsh/mod_zftp.yo Zsh/mod_zle.yo Zsh/mod_zleparameter.yo Zsh/mod_zprof.yo Zsh/mod_zpty.yo Zsh/mod_zselect.yo Zsh/mod_zutil.yo; \
	    mod1= mod2= mod3=; \
	    test ".$2" = . || \
		mod2=`sed -n '1{s|^COMMENT(!MOD!||;p;q;}' < ../../zsh/Doc/$2`; \
	    while test ".$2" != .; do \
		mod3=; \
		test ".$3" = . || \
		    mod3=`sed -n '1{s|^COMMENT(!MOD!||;p;q;}' < ../../zsh/Doc/$3`; \
		echo "texinode(The $mod2 Module)(${mod3:+The $mod3 Module})(${mod1:+The $mod1 Module})(Zsh Modules)"; \
		echo "sect(The $mod2 Module)"; \
		echo "includefile(${2})"; \
		shift; \
		mod1=$mod2; \
		mod2=$mod3; \
	    done \
	) > ../../zsh/Doc/Zsh/modlist.yo
( \
	    echo "startmenu()"; \
	    for modfile in Zsh/mod_attr.yo Zsh/mod_cap.yo Zsh/mod_clone.yo Zsh/mod_compctl.yo Zsh/mod_complete.yo Zsh/mod_complist.yo Zsh/mod_computil.yo Zsh/mod_curses.yo Zsh/mod_datetime.yo Zsh/mod_db_gdbm.yo Zsh/mod_deltochar.yo Zsh/mod_example.yo Zsh/mod_files.yo Zsh/mod_langinfo.yo Zsh/mod_mapfile.yo Zsh/mod_mathfunc.yo Zsh/mod_nearcolor.yo Zsh/mod_newuser.yo Zsh/mod_parameter.yo Zsh/mod_pcre.yo Zsh/mod_private.yo Zsh/mod_regex.yo Zsh/mod_sched.yo Zsh/mod_socket.yo Zsh/mod_stat.yo  Zsh/mod_system.yo Zsh/mod_tcp.yo Zsh/mod_termcap.yo Zsh/mod_terminfo.yo Zsh/mod_zftp.yo Zsh/mod_zle.yo Zsh/mod_zleparameter.yo Zsh/mod_zprof.yo Zsh/mod_zpty.yo Zsh/mod_zselect.yo Zsh/mod_zutil.yo; do \
		sed -n '1{s|^COMMENT(!MOD!\(.*\)$|menu(The \1 Module)|;p;q;}' \
		    < ../../zsh/Doc/$modfile; \
	    done; \
	    echo "endmenu()" \
	) > ../../zsh/Doc/Zsh/modmenu.yo
case zshall.1 in \
	  */*) target=zshall.1 ;; \
	  *) target=zshall.1 ;; \
	esac; \
	case ': yodl ' in :*) touch $target ;; *) \
	    echo : yodl  -o $target -I../../zsh/Doc -DZSHALL -w zman.yo version.yo zsh.yo; \
	    : yodl  -I../../zsh/Doc -DZSHALL -w zman.yo version.yo zsh.yo | sed -e '1s/\\-/-/g' -e '/^\.'\''/d' > $target \
	;; esac; \

perl ../../zsh/Util/helpfiles \
	    zshbuiltins.1 help help.txt \
	    || rm -f help.txt help/*
helpfiles: attempting man zshbuiltins.1 >help/man.tmp
helpfiles: attempting nroff -man zshbuiltins.1 >help/man.tmp
helpfiles: attempting col -bx <help/man.tmp >help/col.tmp
( \
	    for modfile in Zsh/mod_attr.yo Zsh/mod_cap.yo Zsh/mod_clone.yo Zsh/mod_compctl.yo Zsh/mod_complete.yo Zsh/mod_complist.yo Zsh/mod_computil.yo Zsh/mod_curses.yo Zsh/mod_datetime.yo Zsh/mod_db_gdbm.yo Zsh/mod_deltochar.yo Zsh/mod_example.yo Zsh/mod_files.yo Zsh/mod_langinfo.yo Zsh/mod_mapfile.yo Zsh/mod_mathfunc.yo Zsh/mod_nearcolor.yo Zsh/mod_newuser.yo Zsh/mod_parameter.yo Zsh/mod_pcre.yo Zsh/mod_private.yo Zsh/mod_regex.yo Zsh/mod_sched.yo Zsh/mod_socket.yo Zsh/mod_stat.yo  Zsh/mod_system.yo Zsh/mod_tcp.yo Zsh/mod_termcap.yo Zsh/mod_terminfo.yo Zsh/mod_zftp.yo Zsh/mod_zle.yo Zsh/mod_zleparameter.yo Zsh/mod_zprof.yo Zsh/mod_zpty.yo Zsh/mod_zselect.yo Zsh/mod_zutil.yo; do \
		sed -n '1{s|^COMMENT(!MOD!\(.*\)$|menu(The \1 Module)|;p;q;}' \
		    < ../../zsh/Doc/$modfile; \
	    done \
	) > ../../zsh/Doc/Zsh/manmodmenu.yo
case ': yodl ' in :*) touch ../../zsh/Doc/zsh.texi ;; *) \
	    : yodl  -o ../../zsh/Doc/zsh.texi -I../../zsh/Doc -w ztexi.yo version.yo zsh.yo; \
	    test -f ../../zsh/Doc/zsh.texi \
	;; esac
case ': yodl ' in :*) touch ../../zsh/META-FAQ ;; *) \
	    : yodl  -I../../zsh/Doc META-FAQ.yo | sed -e '/NEXTLINE/N' -e '/DELLINE/d' -e '/^SECTHEAD$/{N;s/^SECTHEAD.//;h;s/./-/g;H;g;}' -e 's/  *$//' -e '/comment(.*)/d' > ../../zsh/META-FAQ \
	;; esac
