cd .. && /bin/sh $top_srcdir/Src/mkmakemod.sh Src Makemod
creating Src/Makemod.in
config.status: creating Src/Makemod
cd ../.. && /bin/sh $top_srcdir/Src/mkmakemod.sh -i Src/Builtins Makefile
creating Src/Builtins/Makefile.in
cd ../.. && /bin/sh $top_srcdir/Src/mkmakemod.sh -m Src/Builtins Makefile
config.status: creating Src/Builtins/Makefile
cd ../.. && /bin/sh $top_srcdir/Src/mkmakemod.sh -i Src/Modules Makefile
creating Src/Modules/Makefile.in
cd ../.. && /bin/sh $top_srcdir/Src/mkmakemod.sh -m Src/Modules Makefile
config.status: creating Src/Modules/Makefile
cd ../.. && /bin/sh $top_srcdir/Src/mkmakemod.sh -i Src/Zle Makefile
creating Src/Zle/Makefile.in
cd ../.. && /bin/sh $top_srcdir/Src/mkmakemod.sh -m Src/Zle Makefile
config.status: creating Src/Zle/Makefile
make[4]: `complete.mdh' is up to date.
rm -f stamp-modobjs.tmp
srcdir='../../zsh/Src' CFMOD='../config.modules' \
	  /bin/sh ../../zsh/Src/mkbltnmlst.sh bltinmods.list
`zshpaths.h' is up to date.
Creating `zshxmods.h'.
/Users/ariel/private-bin/clang -c -I. -I../Src -I../../zsh/Src -I../../zsh/Src/Zle -I../../zsh/Src -isystem/Users/ariel/git/darling/Developer/Platforms/MacOSX.platform/Developer/SDKs/MacOSX.sdk/usr/include -isystem/Users/ariel/arch/build/darling/Developer/Platforms/MacOSX.platform/Developer/SDKs/MacOSX.sdk/usr/include -isystem/Users/ariel/git/darling/framework-include -DDARLING -DUSE_GETCWD -DHAVE_CONFIG_H -arch x86_64 -arch i386 -no-cpp-precomp  -o init.o ../../zsh/Src/init.c
/Users/ariel/private-bin/clang -c -I. -I../Src -I../../zsh/Src -I../../zsh/Src/Zle -I../../zsh/Src -isystem/Users/ariel/git/darling/Developer/Platforms/MacOSX.platform/Developer/SDKs/MacOSX.sdk/usr/include -isystem/Users/ariel/arch/build/darling/Developer/Platforms/MacOSX.platform/Developer/SDKs/MacOSX.sdk/usr/include -isystem/Users/ariel/git/darling/framework-include -DDARLING -DUSE_GETCWD -DHAVE_CONFIG_H -arch x86_64 -arch i386 -no-cpp-precomp  -o params.o ../../zsh/Src/params.c
Updated `stamp-modobjs'.
make[2]: `main.o' is up to date.
make[2]: `zsh.export' is up to date.
rm -f zsh
/Users/ariel/private-bin/clang -Wl,-x  -rdynamic -o zsh main.o  `cat stamp-modobjs`   -liconv -ldl -ltermcap -lm  -lc
make[4]: `complete.mdh' is up to date.
make[4]: `complete.export' is up to date.
perl ../../zsh/Util/helpfiles \
	    zshbuiltins.1 help help.txt \
	    || rm -f help.txt help/*
helpfiles: attempting man zshbuiltins.1 >help/man.tmp
helpfiles: attempting nroff -man zshbuiltins.1 >help/man.tmp
helpfiles: attempting col -bx <help/man.tmp >help/col.tmp
